<?xml version="1.0" encoding="UTF-8"?>
<testsuite xmlns:xsi="http://www.w3.org/2001/XMLSchema-instance" xsi:noNamespaceSchemaLocation="https://maven.apache.org/surefire/maven-surefire-plugin/xsd/surefire-test-report-3.0.xsd" version="3.0" name="org.example.RunCucumberTest" time="71.398" tests="32" errors="0" skipped="0" failures="0">
  <properties>
    <property name="java.specification.version" value="21"/>
    <property name="webdriver.chrome.driver" value="C:\Users\Asus\.cache\selenium\chromedriver\win64\131.0.6778.108\chromedriver.exe"/>
    <property name="sun.cpu.isalist" value="amd64"/>
    <property name="sun.jnu.encoding" value="Cp1252"/>
    <property name="java.class.path" value="C:\Users\Asus\Desktop\swt\swtesting\SoftwareTesting\target\test-classes;C:\Users\Asus\Desktop\swt\swtesting\SoftwareTesting\target\classes;C:\Users\Asus\.m2\repository\io\cucumber\cucumber-java\7.17.0\cucumber-java-7.17.0.jar;C:\Users\Asus\.m2\repository\io\cucumber\cucumber-core\7.17.0\cucumber-core-7.17.0.jar;C:\Users\Asus\.m2\repository\io\cucumber\cucumber-gherkin\7.17.0\cucumber-gherkin-7.17.0.jar;C:\Users\Asus\.m2\repository\io\cucumber\cucumber-gherkin-messages\7.17.0\cucumber-gherkin-messages-7.17.0.jar;C:\Users\Asus\.m2\repository\io\cucumber\gherkin\28.0.0\gherkin-28.0.0.jar;C:\Users\Asus\.m2\repository\io\cucumber\messages\24.1.0\messages-24.1.0.jar;C:\Users\Asus\.m2\repository\io\cucumber\testng-xml-formatter\0.1.0\testng-xml-formatter-0.1.0.jar;C:\Users\Asus\.m2\repository\io\cucumber\query\12.1.2\query-12.1.2.jar;C:\Users\Asus\.m2\repository\io\cucumber\tag-expressions\6.1.0\tag-expressions-6.1.0.jar;C:\Users\Asus\.m2\repository\io\cucumber\cucumber-expressions\17.1.0\cucumber-expressions-17.1.0.jar;C:\Users\Asus\.m2\repository\io\cucumber\datatable\7.17.0\datatable-7.17.0.jar;C:\Users\Asus\.m2\repository\io\cucumber\cucumber-plugin\7.17.0\cucumber-plugin-7.17.0.jar;C:\Users\Asus\.m2\repository\io\cucumber\docstring\7.17.0\docstring-7.17.0.jar;C:\Users\Asus\.m2\repository\io\cucumber\html-formatter\21.3.1\html-formatter-21.3.1.jar;C:\Users\Asus\.m2\repository\io\cucumber\junit-xml-formatter\0.4.0\junit-xml-formatter-0.4.0.jar;C:\Users\Asus\.m2\repository\io\cucumber\ci-environment\10.0.1\ci-environment-10.0.1.jar;C:\Users\Asus\.m2\repository\org\apiguardian\apiguardian-api\1.1.2\apiguardian-api-1.1.2.jar;C:\Users\Asus\.m2\repository\io\cucumber\cucumber-junit-platform-engine\7.17.0\cucumber-junit-platform-engine-7.17.0.jar;C:\Users\Asus\.m2\repository\org\junit\platform\junit-platform-engine\1.11.0-M1\junit-platform-engine-1.11.0-M1.jar;C:\Users\Asus\.m2\repository\org\opentest4j\opentest4j\1.3.0\opentest4j-1.3.0.jar;C:\Users\Asus\.m2\repository\org\junit\platform\junit-platform-commons\1.11.0-M1\junit-platform-commons-1.11.0-M1.jar;C:\Users\Asus\.m2\repository\org\seleniumhq\selenium\selenium-java\4.20.0\selenium-java-4.20.0.jar;C:\Users\Asus\.m2\repository\org\seleniumhq\selenium\selenium-api\4.20.0\selenium-api-4.20.0.jar;C:\Users\Asus\.m2\repository\org\seleniumhq\selenium\selenium-chrome-driver\4.20.0\selenium-chrome-driver-4.20.0.jar;C:\Users\Asus\.m2\repository\com\google\auto\service\auto-service-annotations\1.1.1\auto-service-annotations-1.1.1.jar;C:\Users\Asus\.m2\repository\org\seleniumhq\selenium\selenium-chromium-driver\4.20.0\selenium-chromium-driver-4.20.0.jar;C:\Users\Asus\.m2\repository\org\seleniumhq\selenium\selenium-json\4.20.0\selenium-json-4.20.0.jar;C:\Users\Asus\.m2\repository\org\seleniumhq\selenium\selenium-manager\4.20.0\selenium-manager-4.20.0.jar;C:\Users\Asus\.m2\repository\org\seleniumhq\selenium\selenium-devtools-v122\4.20.0\selenium-devtools-v122-4.20.0.jar;C:\Users\Asus\.m2\repository\org\seleniumhq\selenium\selenium-devtools-v123\4.20.0\selenium-devtools-v123-4.20.0.jar;C:\Users\Asus\.m2\repository\org\seleniumhq\selenium\selenium-devtools-v124\4.20.0\selenium-devtools-v124-4.20.0.jar;C:\Users\Asus\.m2\repository\org\seleniumhq\selenium\selenium-devtools-v85\4.20.0\selenium-devtools-v85-4.20.0.jar;C:\Users\Asus\.m2\repository\org\seleniumhq\selenium\selenium-edge-driver\4.20.0\selenium-edge-driver-4.20.0.jar;C:\Users\Asus\.m2\repository\org\seleniumhq\selenium\selenium-firefox-driver\4.20.0\selenium-firefox-driver-4.20.0.jar;C:\Users\Asus\.m2\repository\org\seleniumhq\selenium\selenium-http\4.20.0\selenium-http-4.20.0.jar;C:\Users\Asus\.m2\repository\dev\failsafe\failsafe\3.3.2\failsafe-3.3.2.jar;C:\Users\Asus\.m2\repository\org\seleniumhq\selenium\selenium-ie-driver\4.20.0\selenium-ie-driver-4.20.0.jar;C:\Users\Asus\.m2\repository\org\seleniumhq\selenium\selenium-remote-driver\4.20.0\selenium-remote-driver-4.20.0.jar;C:\Users\Asus\.m2\repository\com\google\guava\guava\33.1.0-jre\guava-33.1.0-jre.jar;C:\Users\Asus\.m2\repository\com\google\guava\failureaccess\1.0.2\failureaccess-1.0.2.jar;C:\Users\Asus\.m2\repository\com\google\guava\listenablefuture\9999.0-empty-to-avoid-conflict-with-guava\listenablefuture-9999.0-empty-to-avoid-conflict-with-guava.jar;C:\Users\Asus\.m2\repository\com\google\code\findbugs\jsr305\3.0.2\jsr305-3.0.2.jar;C:\Users\Asus\.m2\repository\org\checkerframework\checker-qual\3.42.0\checker-qual-3.42.0.jar;C:\Users\Asus\.m2\repository\com\google\errorprone\error_prone_annotations\2.26.1\error_prone_annotations-2.26.1.jar;C:\Users\Asus\.m2\repository\com\google\j2objc\j2objc-annotations\3.0.0\j2objc-annotations-3.0.0.jar;C:\Users\Asus\.m2\repository\io\opentelemetry\semconv\opentelemetry-semconv\1.25.0-alpha\opentelemetry-semconv-1.25.0-alpha.jar;C:\Users\Asus\.m2\repository\io\opentelemetry\opentelemetry-api\1.37.0\opentelemetry-api-1.37.0.jar;C:\Users\Asus\.m2\repository\io\opentelemetry\opentelemetry-context\1.37.0\opentelemetry-context-1.37.0.jar;C:\Users\Asus\.m2\repository\io\opentelemetry\opentelemetry-exporter-logging\1.37.0\opentelemetry-exporter-logging-1.37.0.jar;C:\Users\Asus\.m2\repository\io\opentelemetry\opentelemetry-sdk-common\1.37.0\opentelemetry-sdk-common-1.37.0.jar;C:\Users\Asus\.m2\repository\io\opentelemetry\opentelemetry-sdk-extension-autoconfigure-spi\1.37.0\opentelemetry-sdk-extension-autoconfigure-spi-1.37.0.jar;C:\Users\Asus\.m2\repository\io\opentelemetry\opentelemetry-sdk-extension-autoconfigure\1.37.0\opentelemetry-sdk-extension-autoconfigure-1.37.0.jar;C:\Users\Asus\.m2\repository\io\opentelemetry\opentelemetry-api-incubator\1.37.0-alpha\opentelemetry-api-incubator-1.37.0-alpha.jar;C:\Users\Asus\.m2\repository\io\opentelemetry\opentelemetry-sdk-trace\1.37.0\opentelemetry-sdk-trace-1.37.0.jar;C:\Users\Asus\.m2\repository\io\opentelemetry\opentelemetry-sdk\1.37.0\opentelemetry-sdk-1.37.0.jar;C:\Users\Asus\.m2\repository\io\opentelemetry\opentelemetry-sdk-metrics\1.37.0\opentelemetry-sdk-metrics-1.37.0.jar;C:\Users\Asus\.m2\repository\io\opentelemetry\opentelemetry-sdk-logs\1.37.0\opentelemetry-sdk-logs-1.37.0.jar;C:\Users\Asus\.m2\repository\net\bytebuddy\byte-buddy\1.14.14\byte-buddy-1.14.14.jar;C:\Users\Asus\.m2\repository\org\seleniumhq\selenium\selenium-os\4.20.0\selenium-os-4.20.0.jar;C:\Users\Asus\.m2\repository\org\apache\commons\commons-exec\1.4.0\commons-exec-1.4.0.jar;C:\Users\Asus\.m2\repository\org\seleniumhq\selenium\selenium-safari-driver\4.20.0\selenium-safari-driver-4.20.0.jar;C:\Users\Asus\.m2\repository\org\seleniumhq\selenium\selenium-support\4.20.0\selenium-support-4.20.0.jar;C:\Users\Asus\.m2\repository\io\github\bonigarcia\webdrivermanager\5.8.0\webdrivermanager-5.8.0.jar;C:\Users\Asus\.m2\repository\org\slf4j\slf4j-api\2.0.12\slf4j-api-2.0.12.jar;C:\Users\Asus\.m2\repository\com\google\code\gson\gson\2.10.1\gson-2.10.1.jar;C:\Users\Asus\.m2\repository\com\github\docker-java\docker-java\3.3.6\docker-java-3.3.6.jar;C:\Users\Asus\.m2\repository\com\github\docker-java\docker-java-core\3.3.6\docker-java-core-3.3.6.jar;C:\Users\Asus\.m2\repository\com\github\docker-java\docker-java-api\3.3.6\docker-java-api-3.3.6.jar;C:\Users\Asus\.m2\repository\com\fasterxml\jackson\core\jackson-annotations\2.10.3\jackson-annotations-2.10.3.jar;C:\Users\Asus\.m2\repository\com\fasterxml\jackson\core\jackson-databind\2.10.3\jackson-databind-2.10.3.jar;C:\Users\Asus\.m2\repository\com\fasterxml\jackson\core\jackson-core\2.10.3\jackson-core-2.10.3.jar;C:\Users\Asus\.m2\repository\org\bouncycastle\bcpkix-jdk18on\1.76\bcpkix-jdk18on-1.76.jar;C:\Users\Asus\.m2\repository\org\bouncycastle\bcprov-jdk18on\1.76\bcprov-jdk18on-1.76.jar;C:\Users\Asus\.m2\repository\org\bouncycastle\bcutil-jdk18on\1.76\bcutil-jdk18on-1.76.jar;C:\Users\Asus\.m2\repository\org\slf4j\jcl-over-slf4j\1.7.30\jcl-over-slf4j-1.7.30.jar;C:\Users\Asus\.m2\repository\com\github\docker-java\docker-java-transport-httpclient5\3.3.6\docker-java-transport-httpclient5-3.3.6.jar;C:\Users\Asus\.m2\repository\com\github\docker-java\docker-java-transport\3.3.6\docker-java-transport-3.3.6.jar;C:\Users\Asus\.m2\repository\net\java\dev\jna\jna\5.13.0\jna-5.13.0.jar;C:\Users\Asus\.m2\repository\org\brotli\dec\0.1.2\dec-0.1.2.jar;C:\Users\Asus\.m2\repository\org\apache\commons\commons-lang3\3.14.0\commons-lang3-3.14.0.jar;C:\Users\Asus\.m2\repository\org\apache\commons\commons-compress\1.26.1\commons-compress-1.26.1.jar;C:\Users\Asus\.m2\repository\commons-codec\commons-codec\1.16.1\commons-codec-1.16.1.jar;C:\Users\Asus\.m2\repository\commons-io\commons-io\2.15.1\commons-io-2.15.1.jar;C:\Users\Asus\.m2\repository\org\apache\httpcomponents\client5\httpclient5\5.2.1\httpclient5-5.2.1.jar;C:\Users\Asus\.m2\repository\org\apache\httpcomponents\core5\httpcore5\5.2\httpcore5-5.2.jar;C:\Users\Asus\.m2\repository\org\apache\httpcomponents\core5\httpcore5-h2\5.2\httpcore5-h2-5.2.jar;C:\Users\Asus\.m2\repository\org\junit\platform\junit-platform-suite\1.11.0-M1\junit-platform-suite-1.11.0-M1.jar;C:\Users\Asus\.m2\repository\org\junit\platform\junit-platform-suite-api\1.11.0-M1\junit-platform-suite-api-1.11.0-M1.jar;C:\Users\Asus\.m2\repository\org\junit\platform\junit-platform-suite-engine\1.11.0-M1\junit-platform-suite-engine-1.11.0-M1.jar;C:\Users\Asus\.m2\repository\org\junit\platform\junit-platform-suite-commons\1.11.0-M1\junit-platform-suite-commons-1.11.0-M1.jar;C:\Users\Asus\.m2\repository\org\junit\platform\junit-platform-launcher\1.11.0-M1\junit-platform-launcher-1.11.0-M1.jar;C:\Users\Asus\.m2\repository\org\junit\jupiter\junit-jupiter\5.11.0-M1\junit-jupiter-5.11.0-M1.jar;C:\Users\Asus\.m2\repository\org\junit\jupiter\junit-jupiter-api\5.11.0-M1\junit-jupiter-api-5.11.0-M1.jar;C:\Users\Asus\.m2\repository\org\junit\jupiter\junit-jupiter-params\5.11.0-M1\junit-jupiter-params-5.11.0-M1.jar;C:\Users\Asus\.m2\repository\org\junit\jupiter\junit-jupiter-engine\5.11.0-M1\junit-jupiter-engine-5.11.0-M1.jar;"/>
    <property name="java.vm.vendor" value="Oracle Corporation"/>
    <property name="sun.arch.data.model" value="64"/>
    <property name="user.variant" value=""/>
    <property name="java.vendor.url" value="https://java.oracle.com/"/>
    <property name="user.timezone" value="Europe/Budapest"/>
    <property name="os.name" value="Windows 11"/>
    <property name="java.vm.specification.version" value="21"/>
    <property name="sun.java.launcher" value="SUN_STANDARD"/>
    <property name="user.country" value="US"/>
    <property name="sun.boot.library.path" value="C:\Users\Asus\.jdks\openjdk-21.0.2\bin"/>
    <property name="sun.java.command" value="C:\Users\Asus\AppData\Local\Temp\surefire1158232801682097360\surefirebooter-20241218101513906_3.jar C:\Users\Asus\AppData\Local\Temp\surefire1158232801682097360 2024-12-18T10-15-13_681-jvmRun1 surefire-20241218101513906_1tmp surefire_0-20241218101513906_2tmp"/>
    <property name="jdk.debug" value="release"/>
    <property name="surefire.test.class.path" value="C:\Users\Asus\Desktop\swt\swtesting\SoftwareTesting\target\test-classes;C:\Users\Asus\Desktop\swt\swtesting\SoftwareTesting\target\classes;C:\Users\Asus\.m2\repository\io\cucumber\cucumber-java\7.17.0\cucumber-java-7.17.0.jar;C:\Users\Asus\.m2\repository\io\cucumber\cucumber-core\7.17.0\cucumber-core-7.17.0.jar;C:\Users\Asus\.m2\repository\io\cucumber\cucumber-gherkin\7.17.0\cucumber-gherkin-7.17.0.jar;C:\Users\Asus\.m2\repository\io\cucumber\cucumber-gherkin-messages\7.17.0\cucumber-gherkin-messages-7.17.0.jar;C:\Users\Asus\.m2\repository\io\cucumber\gherkin\28.0.0\gherkin-28.0.0.jar;C:\Users\Asus\.m2\repository\io\cucumber\messages\24.1.0\messages-24.1.0.jar;C:\Users\Asus\.m2\repository\io\cucumber\testng-xml-formatter\0.1.0\testng-xml-formatter-0.1.0.jar;C:\Users\Asus\.m2\repository\io\cucumber\query\12.1.2\query-12.1.2.jar;C:\Users\Asus\.m2\repository\io\cucumber\tag-expressions\6.1.0\tag-expressions-6.1.0.jar;C:\Users\Asus\.m2\repository\io\cucumber\cucumber-expressions\17.1.0\cucumber-expressions-17.1.0.jar;C:\Users\Asus\.m2\repository\io\cucumber\datatable\7.17.0\datatable-7.17.0.jar;C:\Users\Asus\.m2\repository\io\cucumber\cucumber-plugin\7.17.0\cucumber-plugin-7.17.0.jar;C:\Users\Asus\.m2\repository\io\cucumber\docstring\7.17.0\docstring-7.17.0.jar;C:\Users\Asus\.m2\repository\io\cucumber\html-formatter\21.3.1\html-formatter-21.3.1.jar;C:\Users\Asus\.m2\repository\io\cucumber\junit-xml-formatter\0.4.0\junit-xml-formatter-0.4.0.jar;C:\Users\Asus\.m2\repository\io\cucumber\ci-environment\10.0.1\ci-environment-10.0.1.jar;C:\Users\Asus\.m2\repository\org\apiguardian\apiguardian-api\1.1.2\apiguardian-api-1.1.2.jar;C:\Users\Asus\.m2\repository\io\cucumber\cucumber-junit-platform-engine\7.17.0\cucumber-junit-platform-engine-7.17.0.jar;C:\Users\Asus\.m2\repository\org\junit\platform\junit-platform-engine\1.11.0-M1\junit-platform-engine-1.11.0-M1.jar;C:\Users\Asus\.m2\repository\org\opentest4j\opentest4j\1.3.0\opentest4j-1.3.0.jar;C:\Users\Asus\.m2\repository\org\junit\platform\junit-platform-commons\1.11.0-M1\junit-platform-commons-1.11.0-M1.jar;C:\Users\Asus\.m2\repository\org\seleniumhq\selenium\selenium-java\4.20.0\selenium-java-4.20.0.jar;C:\Users\Asus\.m2\repository\org\seleniumhq\selenium\selenium-api\4.20.0\selenium-api-4.20.0.jar;C:\Users\Asus\.m2\repository\org\seleniumhq\selenium\selenium-chrome-driver\4.20.0\selenium-chrome-driver-4.20.0.jar;C:\Users\Asus\.m2\repository\com\google\auto\service\auto-service-annotations\1.1.1\auto-service-annotations-1.1.1.jar;C:\Users\Asus\.m2\repository\org\seleniumhq\selenium\selenium-chromium-driver\4.20.0\selenium-chromium-driver-4.20.0.jar;C:\Users\Asus\.m2\repository\org\seleniumhq\selenium\selenium-json\4.20.0\selenium-json-4.20.0.jar;C:\Users\Asus\.m2\repository\org\seleniumhq\selenium\selenium-manager\4.20.0\selenium-manager-4.20.0.jar;C:\Users\Asus\.m2\repository\org\seleniumhq\selenium\selenium-devtools-v122\4.20.0\selenium-devtools-v122-4.20.0.jar;C:\Users\Asus\.m2\repository\org\seleniumhq\selenium\selenium-devtools-v123\4.20.0\selenium-devtools-v123-4.20.0.jar;C:\Users\Asus\.m2\repository\org\seleniumhq\selenium\selenium-devtools-v124\4.20.0\selenium-devtools-v124-4.20.0.jar;C:\Users\Asus\.m2\repository\org\seleniumhq\selenium\selenium-devtools-v85\4.20.0\selenium-devtools-v85-4.20.0.jar;C:\Users\Asus\.m2\repository\org\seleniumhq\selenium\selenium-edge-driver\4.20.0\selenium-edge-driver-4.20.0.jar;C:\Users\Asus\.m2\repository\org\seleniumhq\selenium\selenium-firefox-driver\4.20.0\selenium-firefox-driver-4.20.0.jar;C:\Users\Asus\.m2\repository\org\seleniumhq\selenium\selenium-http\4.20.0\selenium-http-4.20.0.jar;C:\Users\Asus\.m2\repository\dev\failsafe\failsafe\3.3.2\failsafe-3.3.2.jar;C:\Users\Asus\.m2\repository\org\seleniumhq\selenium\selenium-ie-driver\4.20.0\selenium-ie-driver-4.20.0.jar;C:\Users\Asus\.m2\repository\org\seleniumhq\selenium\selenium-remote-driver\4.20.0\selenium-remote-driver-4.20.0.jar;C:\Users\Asus\.m2\repository\com\google\guava\guava\33.1.0-jre\guava-33.1.0-jre.jar;C:\Users\Asus\.m2\repository\com\google\guava\failureaccess\1.0.2\failureaccess-1.0.2.jar;C:\Users\Asus\.m2\repository\com\google\guava\listenablefuture\9999.0-empty-to-avoid-conflict-with-guava\listenablefuture-9999.0-empty-to-avoid-conflict-with-guava.jar;C:\Users\Asus\.m2\repository\com\google\code\findbugs\jsr305\3.0.2\jsr305-3.0.2.jar;C:\Users\Asus\.m2\repository\org\checkerframework\checker-qual\3.42.0\checker-qual-3.42.0.jar;C:\Users\Asus\.m2\repository\com\google\errorprone\error_prone_annotations\2.26.1\error_prone_annotations-2.26.1.jar;C:\Users\Asus\.m2\repository\com\google\j2objc\j2objc-annotations\3.0.0\j2objc-annotations-3.0.0.jar;C:\Users\Asus\.m2\repository\io\opentelemetry\semconv\opentelemetry-semconv\1.25.0-alpha\opentelemetry-semconv-1.25.0-alpha.jar;C:\Users\Asus\.m2\repository\io\opentelemetry\opentelemetry-api\1.37.0\opentelemetry-api-1.37.0.jar;C:\Users\Asus\.m2\repository\io\opentelemetry\opentelemetry-context\1.37.0\opentelemetry-context-1.37.0.jar;C:\Users\Asus\.m2\repository\io\opentelemetry\opentelemetry-exporter-logging\1.37.0\opentelemetry-exporter-logging-1.37.0.jar;C:\Users\Asus\.m2\repository\io\opentelemetry\opentelemetry-sdk-common\1.37.0\opentelemetry-sdk-common-1.37.0.jar;C:\Users\Asus\.m2\repository\io\opentelemetry\opentelemetry-sdk-extension-autoconfigure-spi\1.37.0\opentelemetry-sdk-extension-autoconfigure-spi-1.37.0.jar;C:\Users\Asus\.m2\repository\io\opentelemetry\opentelemetry-sdk-extension-autoconfigure\1.37.0\opentelemetry-sdk-extension-autoconfigure-1.37.0.jar;C:\Users\Asus\.m2\repository\io\opentelemetry\opentelemetry-api-incubator\1.37.0-alpha\opentelemetry-api-incubator-1.37.0-alpha.jar;C:\Users\Asus\.m2\repository\io\opentelemetry\opentelemetry-sdk-trace\1.37.0\opentelemetry-sdk-trace-1.37.0.jar;C:\Users\Asus\.m2\repository\io\opentelemetry\opentelemetry-sdk\1.37.0\opentelemetry-sdk-1.37.0.jar;C:\Users\Asus\.m2\repository\io\opentelemetry\opentelemetry-sdk-metrics\1.37.0\opentelemetry-sdk-metrics-1.37.0.jar;C:\Users\Asus\.m2\repository\io\opentelemetry\opentelemetry-sdk-logs\1.37.0\opentelemetry-sdk-logs-1.37.0.jar;C:\Users\Asus\.m2\repository\net\bytebuddy\byte-buddy\1.14.14\byte-buddy-1.14.14.jar;C:\Users\Asus\.m2\repository\org\seleniumhq\selenium\selenium-os\4.20.0\selenium-os-4.20.0.jar;C:\Users\Asus\.m2\repository\org\apache\commons\commons-exec\1.4.0\commons-exec-1.4.0.jar;C:\Users\Asus\.m2\repository\org\seleniumhq\selenium\selenium-safari-driver\4.20.0\selenium-safari-driver-4.20.0.jar;C:\Users\Asus\.m2\repository\org\seleniumhq\selenium\selenium-support\4.20.0\selenium-support-4.20.0.jar;C:\Users\Asus\.m2\repository\io\github\bonigarcia\webdrivermanager\5.8.0\webdrivermanager-5.8.0.jar;C:\Users\Asus\.m2\repository\org\slf4j\slf4j-api\2.0.12\slf4j-api-2.0.12.jar;C:\Users\Asus\.m2\repository\com\google\code\gson\gson\2.10.1\gson-2.10.1.jar;C:\Users\Asus\.m2\repository\com\github\docker-java\docker-java\3.3.6\docker-java-3.3.6.jar;C:\Users\Asus\.m2\repository\com\github\docker-java\docker-java-core\3.3.6\docker-java-core-3.3.6.jar;C:\Users\Asus\.m2\repository\com\github\docker-java\docker-java-api\3.3.6\docker-java-api-3.3.6.jar;C:\Users\Asus\.m2\repository\com\fasterxml\jackson\core\jackson-annotations\2.10.3\jackson-annotations-2.10.3.jar;C:\Users\Asus\.m2\repository\com\fasterxml\jackson\core\jackson-databind\2.10.3\jackson-databind-2.10.3.jar;C:\Users\Asus\.m2\repository\com\fasterxml\jackson\core\jackson-core\2.10.3\jackson-core-2.10.3.jar;C:\Users\Asus\.m2\repository\org\bouncycastle\bcpkix-jdk18on\1.76\bcpkix-jdk18on-1.76.jar;C:\Users\Asus\.m2\repository\org\bouncycastle\bcprov-jdk18on\1.76\bcprov-jdk18on-1.76.jar;C:\Users\Asus\.m2\repository\org\bouncycastle\bcutil-jdk18on\1.76\bcutil-jdk18on-1.76.jar;C:\Users\Asus\.m2\repository\org\slf4j\jcl-over-slf4j\1.7.30\jcl-over-slf4j-1.7.30.jar;C:\Users\Asus\.m2\repository\com\github\docker-java\docker-java-transport-httpclient5\3.3.6\docker-java-transport-httpclient5-3.3.6.jar;C:\Users\Asus\.m2\repository\com\github\docker-java\docker-java-transport\3.3.6\docker-java-transport-3.3.6.jar;C:\Users\Asus\.m2\repository\net\java\dev\jna\jna\5.13.0\jna-5.13.0.jar;C:\Users\Asus\.m2\repository\org\brotli\dec\0.1.2\dec-0.1.2.jar;C:\Users\Asus\.m2\repository\org\apache\commons\commons-lang3\3.14.0\commons-lang3-3.14.0.jar;C:\Users\Asus\.m2\repository\org\apache\commons\commons-compress\1.26.1\commons-compress-1.26.1.jar;C:\Users\Asus\.m2\repository\commons-codec\commons-codec\1.16.1\commons-codec-1.16.1.jar;C:\Users\Asus\.m2\repository\commons-io\commons-io\2.15.1\commons-io-2.15.1.jar;C:\Users\Asus\.m2\repository\org\apache\httpcomponents\client5\httpclient5\5.2.1\httpclient5-5.2.1.jar;C:\Users\Asus\.m2\repository\org\apache\httpcomponents\core5\httpcore5\5.2\httpcore5-5.2.jar;C:\Users\Asus\.m2\repository\org\apache\httpcomponents\core5\httpcore5-h2\5.2\httpcore5-h2-5.2.jar;C:\Users\Asus\.m2\repository\org\junit\platform\junit-platform-suite\1.11.0-M1\junit-platform-suite-1.11.0-M1.jar;C:\Users\Asus\.m2\repository\org\junit\platform\junit-platform-suite-api\1.11.0-M1\junit-platform-suite-api-1.11.0-M1.jar;C:\Users\Asus\.m2\repository\org\junit\platform\junit-platform-suite-engine\1.11.0-M1\junit-platform-suite-engine-1.11.0-M1.jar;C:\Users\Asus\.m2\repository\org\junit\platform\junit-platform-suite-commons\1.11.0-M1\junit-platform-suite-commons-1.11.0-M1.jar;C:\Users\Asus\.m2\repository\org\junit\platform\junit-platform-launcher\1.11.0-M1\junit-platform-launcher-1.11.0-M1.jar;C:\Users\Asus\.m2\repository\org\junit\jupiter\junit-jupiter\5.11.0-M1\junit-jupiter-5.11.0-M1.jar;C:\Users\Asus\.m2\repository\org\junit\jupiter\junit-jupiter-api\5.11.0-M1\junit-jupiter-api-5.11.0-M1.jar;C:\Users\Asus\.m2\repository\org\junit\jupiter\junit-jupiter-params\5.11.0-M1\junit-jupiter-params-5.11.0-M1.jar;C:\Users\Asus\.m2\repository\org\junit\jupiter\junit-jupiter-engine\5.11.0-M1\junit-jupiter-engine-5.11.0-M1.jar;"/>
    <property name="sun.cpu.endian" value="little"/>
    <property name="user.home" value="C:\Users\Asus"/>
    <property name="user.language" value="en"/>
    <property name="java.specification.vendor" value="Oracle Corporation"/>
    <property name="java.version.date" value="2024-01-16"/>
    <property name="java.home" value="C:\Users\Asus\.jdks\openjdk-21.0.2"/>
    <property name="file.separator" value="\"/>
    <property name="basedir" value="C:\Users\Asus\Desktop\swt\swtesting\SoftwareTesting"/>
    <property name="java.vm.compressedOopsMode" value="32-bit"/>
    <property name="line.separator" value="&#10;"/>
    <property name="java.vm.specification.vendor" value="Oracle Corporation"/>
    <property name="java.specification.name" value="Java Platform API Specification"/>
    <property name="surefire.real.class.path" value="C:\Users\Asus\AppData\Local\Temp\surefire1158232801682097360\surefirebooter-20241218101513906_3.jar"/>
    <property name="user.script" value=""/>
    <property name="sun.management.compiler" value="HotSpot 64-Bit Tiered Compilers"/>
    <property name="java.runtime.version" value="21.0.2+13-58"/>
    <property name="user.name" value="Asus"/>
    <property name="stdout.encoding" value="Cp1252"/>
    <property name="path.separator" value=";"/>
    <property name="os.version" value="10.0"/>
    <property name="java.runtime.name" value="OpenJDK Runtime Environment"/>
    <property name="file.encoding" value="UTF-8"/>
    <property name="java.vm.name" value="OpenJDK 64-Bit Server VM"/>
    <property name="localRepository" value="C:\Users\Asus\.m2\repository"/>
    <property name="java.vendor.url.bug" value="https://bugreport.java.com/bugreport/"/>
    <property name="java.io.tmpdir" value="C:\Users\Asus\AppData\Local\Temp\"/>
    <property name="idea.version" value="2023.3.4"/>
    <property name="java.version" value="21.0.2"/>
    <property name="user.dir" value="C:\Users\Asus\Desktop\swt\swtesting\SoftwareTesting"/>
    <property name="os.arch" value="amd64"/>
    <property name="java.vm.specification.name" value="Java Virtual Machine Specification"/>
    <property name="sun.os.patch.level" value=""/>
    <property name="native.encoding" value="Cp1252"/>
    <property name="java.library.path" value="C:\Users\Asus\.jdks\openjdk-21.0.2\bin;C:\WINDOWS\Sun\Java\bin;C:\WINDOWS\system32;C:\WINDOWS;C:\Program Files\Common Files\Oracle\Java\javapath;C:\WINDOWS\system32;C:\WINDOWS;C:\WINDOWS\System32\Wbem;C:\WINDOWS\System32\WindowsPowerShell\v1.0\;C:\WINDOWS\System32\OpenSSH\;C:\msys64\mingw64\bin;C:\Program Files\MATLAB\R2022b\bin;C:\Program Files\Git\cmd;C:\Users\Asus\AppData\Roaming\Microsoft\Windows\Start Menu\Programs\Python 3.12;C:\ProgramData\chocolatey\bin;C:\Users\Asus\Desktop\Main_Folder\Programs\Node.js\;C:\Program Files\Java\jdk-21\bin;C:\Users\Asus\AppData\Local\Programs\Python\Python312\Scripts\;C:\Users\Asus\AppData\Local\Programs\Python\Python312\;C:\Users\Asus\AppData\Local\Microsoft\WindowsApps;;C:\Users\Asus\AppData\Local\Programs\Microsoft VS Code\bin;C:\Users\Asus\AppData\Roaming\npm;C:\Program Files\JetBrains\IntelliJ IDEA Community Edition 2023.3.5\bin;;C:\Program Files\JetBrains\IntelliJ IDEA 2023.3.4\bin;;."/>
    <property name="java.vm.info" value="mixed mode, sharing"/>
    <property name="stderr.encoding" value="Cp1252"/>
    <property name="java.vendor" value="Oracle Corporation"/>
    <property name="java.vm.version" value="21.0.2+13-58"/>
    <property name="sun.io.unicode.encoding" value="UnicodeLittle"/>
    <property name="java.class.version" value="65.0"/>
  </properties>
  <testcase name="Going to Saucedemo Twitter page" classname="Saucedemo being redirected to other websites" time="7.696">
    <system-out><![CDATA[
Scenario: Going to Saucedemo Twitter page                         &amp#27;[90m# org/example/external.feature:9&amp#27;[0m
  &amp#27;[32mGiven &amp#27;[0m&amp#27;[32mthe home page is opened&amp#27;[0m                                   &amp#27;[90m# org.example.CommonStepDefs.theHomePageIsOpened()&amp#27;[0m
  &amp#27;[32mAnd &amp#27;[0m&amp#27;[32mthe &amp#27;[0m&amp#27;[32m&amp#27;[1m'Username'&amp#27;[0m&amp#27;[32m field is filled with &amp#27;[0m&amp#27;[32m&amp#27;[1m'standard_user'&amp#27;[0m         &amp#27;[90m# org.example.CommonStepDefs.theFieldIsFilledWithText(java.lang.String,java.lang.String)&amp#27;[0m
  &amp#27;[32mAnd &amp#27;[0m&amp#27;[32mthe &amp#27;[0m&amp#27;[32m&amp#27;[1m'Password'&amp#27;[0m&amp#27;[32m field is filled with &amp#27;[0m&amp#27;[32m&amp#27;[1m'secret_sauce'&amp#27;[0m          &amp#27;[90m# org.example.CommonStepDefs.theFieldIsFilledWithText(java.lang.String,java.lang.String)&amp#27;[0m
  &amp#27;[32mAnd &amp#27;[0m&amp#27;[32mthe &amp#27;[0m&amp#27;[32m&amp#27;[1m'Login'&amp#27;[0m&amp#27;[32m button is clicked&amp#27;[0m                               &amp#27;[90m# org.example.CommonStepDefs.theButtonIsClicked(java.lang.String)&amp#27;[0m
  &amp#27;[32mGiven &amp#27;[0m&amp#27;[32mthe &amp#27;[0m&amp#27;[32m&amp#27;[1m'Twitter'&amp#27;[0m&amp#27;[32m button is clicked&amp#27;[0m                           &amp#27;[90m# org.example.CommonStepDefs.theButtonIsClicked(java.lang.String)&amp#27;[0m
  &amp#27;[32mThen &amp#27;[0m&amp#27;[32mthe user gets redirected to &amp#27;[0m&amp#27;[32m&amp#27;[1m'https://x.com/saucelabs?mx=2'&amp#27;[0m &amp#27;[90m# org.example.OthersStepDefs.verifyUserRedirectionToUrl(java.lang.String)&amp#27;[0m
]]></system-out>
    <system-err><![CDATA[SLF4J(W): No SLF4J providers were found.
SLF4J(W): Defaulting to no-operation (NOP) logger implementation
SLF4J(W): See https://www.slf4j.org/codes.html#noProviders for further details.
Dec 18, 2024 10:15:17 AM org.openqa.selenium.devtools.CdpVersionFinder findNearestMatch
WARNING: Unable to find CDP implementation matching 131
Dec 18, 2024 10:15:17 AM org.openqa.selenium.chromium.ChromiumDriver lambda$new$5
WARNING: Unable to find version of CDP to use for 131.0.6778.140. You may need to include a dependency on a specific version of the CDP using something similar to `org.seleniumhq.selenium:selenium-devtools-v86:4.20.0` where the version ("v86") matches the version of the chromium-based browser you're using and the version number of the artifact is the same as Selenium's.
]]></system-err>
  </testcase>
  <testcase name="Going to Saucedemo Facebook page" classname="Saucedemo being redirected to other websites" time="2.134">
    <system-out><![CDATA[
Scenario: Going to Saucedemo Facebook page                              &amp#27;[90m# org/example/external.feature:13&amp#27;[0m
  &amp#27;[32mGiven &amp#27;[0m&amp#27;[32mthe home page is opened&amp#27;[0m                                         &amp#27;[90m# org.example.CommonStepDefs.theHomePageIsOpened()&amp#27;[0m
  &amp#27;[32mAnd &amp#27;[0m&amp#27;[32mthe &amp#27;[0m&amp#27;[32m&amp#27;[1m'Username'&amp#27;[0m&amp#27;[32m field is filled with &amp#27;[0m&amp#27;[32m&amp#27;[1m'standard_user'&amp#27;[0m               &amp#27;[90m# org.example.CommonStepDefs.theFieldIsFilledWithText(java.lang.String,java.lang.String)&amp#27;[0m
  &amp#27;[32mAnd &amp#27;[0m&amp#27;[32mthe &amp#27;[0m&amp#27;[32m&amp#27;[1m'Password'&amp#27;[0m&amp#27;[32m field is filled with &amp#27;[0m&amp#27;[32m&amp#27;[1m'secret_sauce'&amp#27;[0m                &amp#27;[90m# org.example.CommonStepDefs.theFieldIsFilledWithText(java.lang.String,java.lang.String)&amp#27;[0m
  &amp#27;[32mAnd &amp#27;[0m&amp#27;[32mthe &amp#27;[0m&amp#27;[32m&amp#27;[1m'Login'&amp#27;[0m&amp#27;[32m button is clicked&amp#27;[0m                                     &amp#27;[90m# org.example.CommonStepDefs.theButtonIsClicked(java.lang.String)&amp#27;[0m
  &amp#27;[32mGiven &amp#27;[0m&amp#27;[32mthe &amp#27;[0m&amp#27;[32m&amp#27;[1m'Facebook'&amp#27;[0m&amp#27;[32m button is clicked&amp#27;[0m                                &amp#27;[90m# org.example.CommonStepDefs.theButtonIsClicked(java.lang.String)&amp#27;[0m
  &amp#27;[32mThen &amp#27;[0m&amp#27;[32mthe user gets redirected to &amp#27;[0m&amp#27;[32m&amp#27;[1m'https://www.facebook.com/saucelabs'&amp#27;[0m &amp#27;[90m# org.example.OthersStepDefs.verifyUserRedirectionToUrl(java.lang.String)&amp#27;[0m
]]></system-out>
  </testcase>
  <testcase name="Going to Saucedemo LinkedIn page" classname="Saucedemo being redirected to other websites" time="2.308">
    <system-out><![CDATA[
Scenario: Going to Saucedemo LinkedIn page                                        &amp#27;[90m# org/example/external.feature:17&amp#27;[0m
  &amp#27;[32mGiven &amp#27;[0m&amp#27;[32mthe home page is opened&amp#27;[0m                                                   &amp#27;[90m# org.example.CommonStepDefs.theHomePageIsOpened()&amp#27;[0m
  &amp#27;[32mAnd &amp#27;[0m&amp#27;[32mthe &amp#27;[0m&amp#27;[32m&amp#27;[1m'Username'&amp#27;[0m&amp#27;[32m field is filled with &amp#27;[0m&amp#27;[32m&amp#27;[1m'standard_user'&amp#27;[0m                         &amp#27;[90m# org.example.CommonStepDefs.theFieldIsFilledWithText(java.lang.String,java.lang.String)&amp#27;[0m
  &amp#27;[32mAnd &amp#27;[0m&amp#27;[32mthe &amp#27;[0m&amp#27;[32m&amp#27;[1m'Password'&amp#27;[0m&amp#27;[32m field is filled with &amp#27;[0m&amp#27;[32m&amp#27;[1m'secret_sauce'&amp#27;[0m                          &amp#27;[90m# org.example.CommonStepDefs.theFieldIsFilledWithText(java.lang.String,java.lang.String)&amp#27;[0m
  &amp#27;[32mAnd &amp#27;[0m&amp#27;[32mthe &amp#27;[0m&amp#27;[32m&amp#27;[1m'Login'&amp#27;[0m&amp#27;[32m button is clicked&amp#27;[0m                                               &amp#27;[90m# org.example.CommonStepDefs.theButtonIsClicked(java.lang.String)&amp#27;[0m
  &amp#27;[32mGiven &amp#27;[0m&amp#27;[32mthe &amp#27;[0m&amp#27;[32m&amp#27;[1m'LinkedIn'&amp#27;[0m&amp#27;[32m button is clicked&amp#27;[0m                                          &amp#27;[90m# org.example.CommonStepDefs.theButtonIsClicked(java.lang.String)&amp#27;[0m
  &amp#27;[32mThen &amp#27;[0m&amp#27;[32mthe user gets redirected to &amp#27;[0m&amp#27;[32m&amp#27;[1m'https://www.linkedin.com/company/sauce-labs/'&amp#27;[0m &amp#27;[90m# org.example.OthersStepDefs.verifyUserRedirectionToUrl(java.lang.String)&amp#27;[0m
]]></system-out>
  </testcase>
  <testcase name="Going to the About page" classname="Saucedemo being redirected to other websites" time="3.283">
    <system-out><![CDATA[
Scenario: Going to the About page                         &amp#27;[90m# org/example/external.feature:21&amp#27;[0m
  &amp#27;[32mGiven &amp#27;[0m&amp#27;[32mthe home page is opened&amp#27;[0m                           &amp#27;[90m# org.example.CommonStepDefs.theHomePageIsOpened()&amp#27;[0m
  &amp#27;[32mAnd &amp#27;[0m&amp#27;[32mthe &amp#27;[0m&amp#27;[32m&amp#27;[1m'Username'&amp#27;[0m&amp#27;[32m field is filled with &amp#27;[0m&amp#27;[32m&amp#27;[1m'standard_user'&amp#27;[0m &amp#27;[90m# org.example.CommonStepDefs.theFieldIsFilledWithText(java.lang.String,java.lang.String)&amp#27;[0m
  &amp#27;[32mAnd &amp#27;[0m&amp#27;[32mthe &amp#27;[0m&amp#27;[32m&amp#27;[1m'Password'&amp#27;[0m&amp#27;[32m field is filled with &amp#27;[0m&amp#27;[32m&amp#27;[1m'secret_sauce'&amp#27;[0m  &amp#27;[90m# org.example.CommonStepDefs.theFieldIsFilledWithText(java.lang.String,java.lang.String)&amp#27;[0m
  &amp#27;[32mAnd &amp#27;[0m&amp#27;[32mthe &amp#27;[0m&amp#27;[32m&amp#27;[1m'Login'&amp#27;[0m&amp#27;[32m button is clicked&amp#27;[0m                       &amp#27;[90m# org.example.CommonStepDefs.theButtonIsClicked(java.lang.String)&amp#27;[0m
  &amp#27;[32mGiven &amp#27;[0m&amp#27;[32mthe &amp#27;[0m&amp#27;[32m&amp#27;[1m'Menu'&amp#27;[0m&amp#27;[32m button is clicked&amp#27;[0m                      &amp#27;[90m# org.example.CommonStepDefs.theButtonIsClicked(java.lang.String)&amp#27;[0m
  &amp#27;[32mThen &amp#27;[0m&amp#27;[32mthe &amp#27;[0m&amp#27;[32m&amp#27;[1m'About'&amp#27;[0m&amp#27;[32m button is clicked&amp#27;[0m                      &amp#27;[90m# org.example.CommonStepDefs.theButtonIsClicked(java.lang.String)&amp#27;[0m
  &amp#27;[32mThen &amp#27;[0m&amp#27;[32mthe user enters &amp#27;[0m&amp#27;[32m&amp#27;[1m'https://saucelabs.com/'&amp#27;[0m           &amp#27;[90m# org.example.LoginStepDefs.theUserEnters(java.lang.String)&amp#27;[0m
]]></system-out>
  </testcase>
  <testcase name="Example #1.1" classname="Examples" time="0.631">
    <system-out><![CDATA[
Scenario Outline: Incorrect login attempts                       &amp#27;[90m# org/example/login.feature:13&amp#27;[0m
  &amp#27;[32mGiven &amp#27;[0m&amp#27;[32mthe home page is opened&amp#27;[0m                                  &amp#27;[90m# org.example.CommonStepDefs.theHomePageIsOpened()&amp#27;[0m
  &amp#27;[32mGiven &amp#27;[0m&amp#27;[32mthe &amp#27;[0m&amp#27;[32m&amp#27;[1m'Username'&amp#27;[0m&amp#27;[32m field is filled with &amp#27;[0m&amp#27;[32m&amp#27;[1m''&amp#27;[0m                   &amp#27;[90m# org.example.CommonStepDefs.theFieldIsFilledWithText(java.lang.String,java.lang.String)&amp#27;[0m
  &amp#27;[32mAnd &amp#27;[0m&amp#27;[32mthe &amp#27;[0m&amp#27;[32m&amp#27;[1m'Password'&amp#27;[0m&amp#27;[32m field is filled with &amp#27;[0m&amp#27;[32m&amp#27;[1m''&amp#27;[0m                     &amp#27;[90m# org.example.CommonStepDefs.theFieldIsFilledWithText(java.lang.String,java.lang.String)&amp#27;[0m
  &amp#27;[32mWhen &amp#27;[0m&amp#27;[32mthe &amp#27;[0m&amp#27;[32m&amp#27;[1m'Login'&amp#27;[0m&amp#27;[32m button is clicked&amp#27;[0m                             &amp#27;[90m# org.example.CommonStepDefs.theButtonIsClicked(java.lang.String)&amp#27;[0m
  &amp#27;[32mThen &amp#27;[0m&amp#27;[32mthe &amp#27;[0m&amp#27;[32m&amp#27;[1m'Epic sadface: Username is required'&amp#27;[0m&amp#27;[32m message is shown&amp#27;[0m &amp#27;[90m# org.example.LoginStepDefs.theErrorMessageMessageIsShown(java.lang.String)&amp#27;[0m
]]></system-out>
  </testcase>
  <testcase name="Example #1.1" classname="Examples" time="0.522">
    <system-out><![CDATA[
Scenario Outline: Correct login attempts                          &amp#27;[90m# org/example/login.feature:25&amp#27;[0m
  &amp#27;[32mGiven &amp#27;[0m&amp#27;[32mthe home page is opened&amp#27;[0m                                   &amp#27;[90m# org.example.CommonStepDefs.theHomePageIsOpened()&amp#27;[0m
  &amp#27;[32mGiven &amp#27;[0m&amp#27;[32mthe &amp#27;[0m&amp#27;[32m&amp#27;[1m'Username'&amp#27;[0m&amp#27;[32m field is filled with &amp#27;[0m&amp#27;[32m&amp#27;[1m'standard_user'&amp#27;[0m       &amp#27;[90m# org.example.CommonStepDefs.theFieldIsFilledWithText(java.lang.String,java.lang.String)&amp#27;[0m
  &amp#27;[32mAnd &amp#27;[0m&amp#27;[32mthe &amp#27;[0m&amp#27;[32m&amp#27;[1m'Password'&amp#27;[0m&amp#27;[32m field is filled with &amp#27;[0m&amp#27;[32m&amp#27;[1m'secret_sauce'&amp#27;[0m          &amp#27;[90m# org.example.CommonStepDefs.theFieldIsFilledWithText(java.lang.String,java.lang.String)&amp#27;[0m
  &amp#27;[32mWhen &amp#27;[0m&amp#27;[32mthe &amp#27;[0m&amp#27;[32m&amp#27;[1m'Login'&amp#27;[0m&amp#27;[32m button is clicked&amp#27;[0m                              &amp#27;[90m# org.example.CommonStepDefs.theButtonIsClicked(java.lang.String)&amp#27;[0m
  &amp#27;[32mThen &amp#27;[0m&amp#27;[32mthe user enters &amp#27;[0m&amp#27;[32m&amp#27;[1m"https://www.saucedemo.com/inventory.html"&amp#27;[0m &amp#27;[90m# org.example.LoginStepDefs.theUserEnters(java.lang.String)&amp#27;[0m
]]></system-out>
  </testcase>
  <testcase name="Example #1.1" classname="Examples" time="0.829">
    <system-out><![CDATA[
Scenario Outline: User can log out successfully             &amp#27;[90m# org/example/logout.feature:16&amp#27;[0m
  &amp#27;[32mGiven &amp#27;[0m&amp#27;[32mthe home page is opened&amp#27;[0m                             &amp#27;[90m# org.example.CommonStepDefs.theHomePageIsOpened()&amp#27;[0m
  &amp#27;[32mGiven &amp#27;[0m&amp#27;[32mthe &amp#27;[0m&amp#27;[32m&amp#27;[1m'Username'&amp#27;[0m&amp#27;[32m field is filled with &amp#27;[0m&amp#27;[32m&amp#27;[1m'standard_user'&amp#27;[0m &amp#27;[90m# org.example.CommonStepDefs.theFieldIsFilledWithText(java.lang.String,java.lang.String)&amp#27;[0m
  &amp#27;[32mAnd &amp#27;[0m&amp#27;[32mthe &amp#27;[0m&amp#27;[32m&amp#27;[1m'Password'&amp#27;[0m&amp#27;[32m field is filled with &amp#27;[0m&amp#27;[32m&amp#27;[1m'secret_sauce'&amp#27;[0m    &amp#27;[90m# org.example.CommonStepDefs.theFieldIsFilledWithText(java.lang.String,java.lang.String)&amp#27;[0m
  &amp#27;[32mWhen &amp#27;[0m&amp#27;[32mthe &amp#27;[0m&amp#27;[32m&amp#27;[1m'Login'&amp#27;[0m&amp#27;[32m button is clicked&amp#27;[0m                        &amp#27;[90m# org.example.CommonStepDefs.theButtonIsClicked(java.lang.String)&amp#27;[0m
  &amp#27;[32mWhen &amp#27;[0m&amp#27;[32mthe &amp#27;[0m&amp#27;[32m&amp#27;[1m'Menu'&amp#27;[0m&amp#27;[32m button is clicked&amp#27;[0m                         &amp#27;[90m# org.example.CommonStepDefs.theButtonIsClicked(java.lang.String)&amp#27;[0m
  &amp#27;[32mWhen &amp#27;[0m&amp#27;[32mthe &amp#27;[0m&amp#27;[32m&amp#27;[1m'Logout'&amp#27;[0m&amp#27;[32m button is clicked&amp#27;[0m                       &amp#27;[90m# org.example.CommonStepDefs.theButtonIsClicked(java.lang.String)&amp#27;[0m
  &amp#27;[32mThen &amp#27;[0m&amp#27;[32mthe user enters &amp#27;[0m&amp#27;[32m&amp#27;[1m"https://www.saucedemo.com/"&amp#27;[0m         &amp#27;[90m# org.example.LoginStepDefs.theUserEnters(java.lang.String)&amp#27;[0m
]]></system-out>
  </testcase>
  <testcase name="Example #1.1" classname="Examples" time="2.024">
    <system-out><![CDATA[
Scenario Outline: Verifying price of item during checkout &amp#27;[90m# org/example/shopping.feature:22&amp#27;[0m
  &amp#27;[32mGiven &amp#27;[0m&amp#27;[32mthe home page is opened&amp#27;[0m                           &amp#27;[90m# org.example.CommonStepDefs.theHomePageIsOpened()&amp#27;[0m
  &amp#27;[32mAnd &amp#27;[0m&amp#27;[32mthe &amp#27;[0m&amp#27;[32m&amp#27;[1m'Username'&amp#27;[0m&amp#27;[32m field is filled with &amp#27;[0m&amp#27;[32m&amp#27;[1m'standard_user'&amp#27;[0m &amp#27;[90m# org.example.CommonStepDefs.theFieldIsFilledWithText(java.lang.String,java.lang.String)&amp#27;[0m
  &amp#27;[32mAnd &amp#27;[0m&amp#27;[32mthe &amp#27;[0m&amp#27;[32m&amp#27;[1m'Password'&amp#27;[0m&amp#27;[32m field is filled with &amp#27;[0m&amp#27;[32m&amp#27;[1m'secret_sauce'&amp#27;[0m  &amp#27;[90m# org.example.CommonStepDefs.theFieldIsFilledWithText(java.lang.String,java.lang.String)&amp#27;[0m
  &amp#27;[32mAnd &amp#27;[0m&amp#27;[32mthe &amp#27;[0m&amp#27;[32m&amp#27;[1m'Login'&amp#27;[0m&amp#27;[32m button is clicked&amp#27;[0m                       &amp#27;[90m# org.example.CommonStepDefs.theButtonIsClicked(java.lang.String)&amp#27;[0m
  &amp#27;[32mGiven &amp#27;[0m&amp#27;[32mthe &amp#27;[0m&amp#27;[32m&amp#27;[1m'Sauce Labs Backpack'&amp#27;[0m&amp#27;[32m is added to the cart&amp#27;[0m    &amp#27;[90m# org.example.ShoppingStepDefs.somethingIsAddedToTheCart(java.lang.String)&amp#27;[0m
  &amp#27;[32mAnd &amp#27;[0m&amp#27;[32mthe &amp#27;[0m&amp#27;[32m&amp#27;[1m'Cart'&amp#27;[0m&amp#27;[32m button is clicked&amp#27;[0m                        &amp#27;[90m# org.example.CommonStepDefs.theButtonIsClicked(java.lang.String)&amp#27;[0m
  &amp#27;[32mAnd &amp#27;[0m&amp#27;[32mthe &amp#27;[0m&amp#27;[32m&amp#27;[1m'Checkout'&amp#27;[0m&amp#27;[32m button is clicked&amp#27;[0m                    &amp#27;[90m# org.example.CommonStepDefs.theButtonIsClicked(java.lang.String)&amp#27;[0m
  &amp#27;[32mAnd &amp#27;[0m&amp#27;[32mthe &amp#27;[0m&amp#27;[32m&amp#27;[1m'First Name'&amp#27;[0m&amp#27;[32m field is filled with &amp#27;[0m&amp#27;[32m&amp#27;[1m'John'&amp#27;[0m        &amp#27;[90m# org.example.CommonStepDefs.theFieldIsFilledWithText(java.lang.String,java.lang.String)&amp#27;[0m
  &amp#27;[32mAnd &amp#27;[0m&amp#27;[32mthe &amp#27;[0m&amp#27;[32m&amp#27;[1m'Last Name'&amp#27;[0m&amp#27;[32m field is filled with &amp#27;[0m&amp#27;[32m&amp#27;[1m'Doe'&amp#27;[0m          &amp#27;[90m# org.example.CommonStepDefs.theFieldIsFilledWithText(java.lang.String,java.lang.String)&amp#27;[0m
  &amp#27;[32mAnd &amp#27;[0m&amp#27;[32mthe &amp#27;[0m&amp#27;[32m&amp#27;[1m'Zip Code'&amp#27;[0m&amp#27;[32m field is filled with &amp#27;[0m&amp#27;[32m&amp#27;[1m'3210'&amp#27;[0m          &amp#27;[90m# org.example.CommonStepDefs.theFieldIsFilledWithText(java.lang.String,java.lang.String)&amp#27;[0m
  &amp#27;[32mWhen &amp#27;[0m&amp#27;[32mthe &amp#27;[0m&amp#27;[32m&amp#27;[1m'Continue'&amp#27;[0m&amp#27;[32m button is clicked&amp#27;[0m                   &amp#27;[90m# org.example.CommonStepDefs.theButtonIsClicked(java.lang.String)&amp#27;[0m
  &amp#27;[32mThen &amp#27;[0m&amp#27;[32mthe price should read &amp#27;[0m&amp#27;[32m&amp#27;[1m'Total: $32.39'&amp#27;[0m              &amp#27;[90m# org.example.ShoppingStepDefs.thePriceShouldRead(java.lang.String)&amp#27;[0m
  &amp#27;[32mAnd &amp#27;[0m&amp#27;[32mthe &amp#27;[0m&amp#27;[32m&amp#27;[1m'Finish'&amp#27;[0m&amp#27;[32m button is clicked&amp#27;[0m                      &amp#27;[90m# org.example.CommonStepDefs.theButtonIsClicked(java.lang.String)&amp#27;[0m
]]></system-out>
  </testcase>
  <testcase name="Example #1.1" classname="Examples" time="2.232">
    <system-out><![CDATA[
Scenario Outline: Incorrect checking out                           &amp#27;[90m# org/example/shopping.feature:43&amp#27;[0m
  &amp#27;[32mGiven &amp#27;[0m&amp#27;[32mthe home page is opened&amp#27;[0m                                    &amp#27;[90m# org.example.CommonStepDefs.theHomePageIsOpened()&amp#27;[0m
  &amp#27;[32mAnd &amp#27;[0m&amp#27;[32mthe &amp#27;[0m&amp#27;[32m&amp#27;[1m'Username'&amp#27;[0m&amp#27;[32m field is filled with &amp#27;[0m&amp#27;[32m&amp#27;[1m'standard_user'&amp#27;[0m          &amp#27;[90m# org.example.CommonStepDefs.theFieldIsFilledWithText(java.lang.String,java.lang.String)&amp#27;[0m
  &amp#27;[32mAnd &amp#27;[0m&amp#27;[32mthe &amp#27;[0m&amp#27;[32m&amp#27;[1m'Password'&amp#27;[0m&amp#27;[32m field is filled with &amp#27;[0m&amp#27;[32m&amp#27;[1m'secret_sauce'&amp#27;[0m           &amp#27;[90m# org.example.CommonStepDefs.theFieldIsFilledWithText(java.lang.String,java.lang.String)&amp#27;[0m
  &amp#27;[32mAnd &amp#27;[0m&amp#27;[32mthe &amp#27;[0m&amp#27;[32m&amp#27;[1m'Login'&amp#27;[0m&amp#27;[32m button is clicked&amp#27;[0m                                &amp#27;[90m# org.example.CommonStepDefs.theButtonIsClicked(java.lang.String)&amp#27;[0m
  &amp#27;[32mGiven &amp#27;[0m&amp#27;[32mthe &amp#27;[0m&amp#27;[32m&amp#27;[1m'Sauce Labs Bolt T-Shirt'&amp#27;[0m&amp#27;[32m is added to the cart&amp#27;[0m         &amp#27;[90m# org.example.ShoppingStepDefs.somethingIsAddedToTheCart(java.lang.String)&amp#27;[0m
  &amp#27;[32mAnd &amp#27;[0m&amp#27;[32mthe &amp#27;[0m&amp#27;[32m&amp#27;[1m'Cart'&amp#27;[0m&amp#27;[32m button is clicked&amp#27;[0m                                 &amp#27;[90m# org.example.CommonStepDefs.theButtonIsClicked(java.lang.String)&amp#27;[0m
  &amp#27;[32mAnd &amp#27;[0m&amp#27;[32mthe &amp#27;[0m&amp#27;[32m&amp#27;[1m'Checkout'&amp#27;[0m&amp#27;[32m button is clicked&amp#27;[0m                             &amp#27;[90m# org.example.CommonStepDefs.theButtonIsClicked(java.lang.String)&amp#27;[0m
  &amp#27;[32mAnd &amp#27;[0m&amp#27;[32mthe &amp#27;[0m&amp#27;[32m&amp#27;[1m'First Name'&amp#27;[0m&amp#27;[32m field is filled with &amp#27;[0m&amp#27;[32m&amp#27;[1m''&amp#27;[0m                     &amp#27;[90m# org.example.CommonStepDefs.theFieldIsFilledWithText(java.lang.String,java.lang.String)&amp#27;[0m
  &amp#27;[32mAnd &amp#27;[0m&amp#27;[32mthe &amp#27;[0m&amp#27;[32m&amp#27;[1m'Last Name'&amp#27;[0m&amp#27;[32m field is filled with &amp#27;[0m&amp#27;[32m&amp#27;[1m''&amp#27;[0m                      &amp#27;[90m# org.example.CommonStepDefs.theFieldIsFilledWithText(java.lang.String,java.lang.String)&amp#27;[0m
  &amp#27;[32mAnd &amp#27;[0m&amp#27;[32mthe &amp#27;[0m&amp#27;[32m&amp#27;[1m'Zip Code'&amp#27;[0m&amp#27;[32m field is filled with &amp#27;[0m&amp#27;[32m&amp#27;[1m''&amp#27;[0m                       &amp#27;[90m# org.example.CommonStepDefs.theFieldIsFilledWithText(java.lang.String,java.lang.String)&amp#27;[0m
  &amp#27;[32mWhen &amp#27;[0m&amp#27;[32mthe &amp#27;[0m&amp#27;[32m&amp#27;[1m'Continue'&amp#27;[0m&amp#27;[32m button is clicked&amp#27;[0m                            &amp#27;[90m# org.example.CommonStepDefs.theButtonIsClicked(java.lang.String)&amp#27;[0m
  &amp#27;[32mThen &amp#27;[0m&amp#27;[32mthe checkout error &amp#27;[0m&amp#27;[32m&amp#27;[1m'Error: First Name is required'&amp#27;[0m&amp#27;[32m is shown&amp#27;[0m &amp#27;[90m# org.example.ShoppingStepDefs.theCheckoutErrorCheckoutErrorMessageIsShown(java.lang.String)&amp#27;[0m
  &amp#27;[32mAnd &amp#27;[0m&amp#27;[32mthe shopping cart must be emptied&amp#27;[0m                            &amp#27;[90m# org.example.ShoppingStepDefs.theShoppingCartMustBeEmpty()&amp#27;[0m
]]></system-out>
  </testcase>
  <testcase name="Example #1.2" classname="Examples" time="0.442">
    <system-out><![CDATA[
Scenario Outline: Incorrect login attempts                       &amp#27;[90m# org/example/login.feature:14&amp#27;[0m
  &amp#27;[32mGiven &amp#27;[0m&amp#27;[32mthe home page is opened&amp#27;[0m                                  &amp#27;[90m# org.example.CommonStepDefs.theHomePageIsOpened()&amp#27;[0m
  &amp#27;[32mGiven &amp#27;[0m&amp#27;[32mthe &amp#27;[0m&amp#27;[32m&amp#27;[1m'Username'&amp#27;[0m&amp#27;[32m field is filled with &amp#27;[0m&amp#27;[32m&amp#27;[1m'standard_user'&amp#27;[0m      &amp#27;[90m# org.example.CommonStepDefs.theFieldIsFilledWithText(java.lang.String,java.lang.String)&amp#27;[0m
  &amp#27;[32mAnd &amp#27;[0m&amp#27;[32mthe &amp#27;[0m&amp#27;[32m&amp#27;[1m'Password'&amp#27;[0m&amp#27;[32m field is filled with &amp#27;[0m&amp#27;[32m&amp#27;[1m''&amp#27;[0m                     &amp#27;[90m# org.example.CommonStepDefs.theFieldIsFilledWithText(java.lang.String,java.lang.String)&amp#27;[0m
  &amp#27;[32mWhen &amp#27;[0m&amp#27;[32mthe &amp#27;[0m&amp#27;[32m&amp#27;[1m'Login'&amp#27;[0m&amp#27;[32m button is clicked&amp#27;[0m                             &amp#27;[90m# org.example.CommonStepDefs.theButtonIsClicked(java.lang.String)&amp#27;[0m
  &amp#27;[32mThen &amp#27;[0m&amp#27;[32mthe &amp#27;[0m&amp#27;[32m&amp#27;[1m'Epic sadface: Password is required'&amp#27;[0m&amp#27;[32m message is shown&amp#27;[0m &amp#27;[90m# org.example.LoginStepDefs.theErrorMessageMessageIsShown(java.lang.String)&amp#27;[0m
]]></system-out>
  </testcase>
  <testcase name="Example #1.2" classname="Examples" time="0.366">
    <system-out><![CDATA[
Scenario Outline: Correct login attempts                          &amp#27;[90m# org/example/login.feature:26&amp#27;[0m
  &amp#27;[32mGiven &amp#27;[0m&amp#27;[32mthe home page is opened&amp#27;[0m                                   &amp#27;[90m# org.example.CommonStepDefs.theHomePageIsOpened()&amp#27;[0m
  &amp#27;[32mGiven &amp#27;[0m&amp#27;[32mthe &amp#27;[0m&amp#27;[32m&amp#27;[1m'Username'&amp#27;[0m&amp#27;[32m field is filled with &amp#27;[0m&amp#27;[32m&amp#27;[1m'problem_user'&amp#27;[0m        &amp#27;[90m# org.example.CommonStepDefs.theFieldIsFilledWithText(java.lang.String,java.lang.String)&amp#27;[0m
  &amp#27;[32mAnd &amp#27;[0m&amp#27;[32mthe &amp#27;[0m&amp#27;[32m&amp#27;[1m'Password'&amp#27;[0m&amp#27;[32m field is filled with &amp#27;[0m&amp#27;[32m&amp#27;[1m'secret_sauce'&amp#27;[0m          &amp#27;[90m# org.example.CommonStepDefs.theFieldIsFilledWithText(java.lang.String,java.lang.String)&amp#27;[0m
  &amp#27;[32mWhen &amp#27;[0m&amp#27;[32mthe &amp#27;[0m&amp#27;[32m&amp#27;[1m'Login'&amp#27;[0m&amp#27;[32m button is clicked&amp#27;[0m                              &amp#27;[90m# org.example.CommonStepDefs.theButtonIsClicked(java.lang.String)&amp#27;[0m
  &amp#27;[32mThen &amp#27;[0m&amp#27;[32mthe user enters &amp#27;[0m&amp#27;[32m&amp#27;[1m"https://www.saucedemo.com/inventory.html"&amp#27;[0m &amp#27;[90m# org.example.LoginStepDefs.theUserEnters(java.lang.String)&amp#27;[0m
]]></system-out>
  </testcase>
  <testcase name="Example #1.2" classname="Examples" time="0.876">
    <system-out><![CDATA[
Scenario Outline: User can log out successfully            &amp#27;[90m# org/example/logout.feature:17&amp#27;[0m
  &amp#27;[32mGiven &amp#27;[0m&amp#27;[32mthe home page is opened&amp#27;[0m                            &amp#27;[90m# org.example.CommonStepDefs.theHomePageIsOpened()&amp#27;[0m
  &amp#27;[32mGiven &amp#27;[0m&amp#27;[32mthe &amp#27;[0m&amp#27;[32m&amp#27;[1m'Username'&amp#27;[0m&amp#27;[32m field is filled with &amp#27;[0m&amp#27;[32m&amp#27;[1m'problem_user'&amp#27;[0m &amp#27;[90m# org.example.CommonStepDefs.theFieldIsFilledWithText(java.lang.String,java.lang.String)&amp#27;[0m
  &amp#27;[32mAnd &amp#27;[0m&amp#27;[32mthe &amp#27;[0m&amp#27;[32m&amp#27;[1m'Password'&amp#27;[0m&amp#27;[32m field is filled with &amp#27;[0m&amp#27;[32m&amp#27;[1m'secret_sauce'&amp#27;[0m   &amp#27;[90m# org.example.CommonStepDefs.theFieldIsFilledWithText(java.lang.String,java.lang.String)&amp#27;[0m
  &amp#27;[32mWhen &amp#27;[0m&amp#27;[32mthe &amp#27;[0m&amp#27;[32m&amp#27;[1m'Login'&amp#27;[0m&amp#27;[32m button is clicked&amp#27;[0m                       &amp#27;[90m# org.example.CommonStepDefs.theButtonIsClicked(java.lang.String)&amp#27;[0m
  &amp#27;[32mWhen &amp#27;[0m&amp#27;[32mthe &amp#27;[0m&amp#27;[32m&amp#27;[1m'Menu'&amp#27;[0m&amp#27;[32m button is clicked&amp#27;[0m                        &amp#27;[90m# org.example.CommonStepDefs.theButtonIsClicked(java.lang.String)&amp#27;[0m
  &amp#27;[32mWhen &amp#27;[0m&amp#27;[32mthe &amp#27;[0m&amp#27;[32m&amp#27;[1m'Logout'&amp#27;[0m&amp#27;[32m button is clicked&amp#27;[0m                      &amp#27;[90m# org.example.CommonStepDefs.theButtonIsClicked(java.lang.String)&amp#27;[0m
  &amp#27;[32mThen &amp#27;[0m&amp#27;[32mthe user enters &amp#27;[0m&amp#27;[32m&amp#27;[1m"https://www.saucedemo.com/"&amp#27;[0m        &amp#27;[90m# org.example.LoginStepDefs.theUserEnters(java.lang.String)&amp#27;[0m
]]></system-out>
  </testcase>
  <testcase name="Example #1.2" classname="Examples" time="1.588">
    <system-out><![CDATA[
Scenario Outline: Verifying price of item during checkout &amp#27;[90m# org/example/shopping.feature:23&amp#27;[0m
  &amp#27;[32mGiven &amp#27;[0m&amp#27;[32mthe home page is opened&amp#27;[0m                           &amp#27;[90m# org.example.CommonStepDefs.theHomePageIsOpened()&amp#27;[0m
  &amp#27;[32mAnd &amp#27;[0m&amp#27;[32mthe &amp#27;[0m&amp#27;[32m&amp#27;[1m'Username'&amp#27;[0m&amp#27;[32m field is filled with &amp#27;[0m&amp#27;[32m&amp#27;[1m'standard_user'&amp#27;[0m &amp#27;[90m# org.example.CommonStepDefs.theFieldIsFilledWithText(java.lang.String,java.lang.String)&amp#27;[0m
  &amp#27;[32mAnd &amp#27;[0m&amp#27;[32mthe &amp#27;[0m&amp#27;[32m&amp#27;[1m'Password'&amp#27;[0m&amp#27;[32m field is filled with &amp#27;[0m&amp#27;[32m&amp#27;[1m'secret_sauce'&amp#27;[0m  &amp#27;[90m# org.example.CommonStepDefs.theFieldIsFilledWithText(java.lang.String,java.lang.String)&amp#27;[0m
  &amp#27;[32mAnd &amp#27;[0m&amp#27;[32mthe &amp#27;[0m&amp#27;[32m&amp#27;[1m'Login'&amp#27;[0m&amp#27;[32m button is clicked&amp#27;[0m                       &amp#27;[90m# org.example.CommonStepDefs.theButtonIsClicked(java.lang.String)&amp#27;[0m
  &amp#27;[32mGiven &amp#27;[0m&amp#27;[32mthe &amp#27;[0m&amp#27;[32m&amp#27;[1m'Sauce Labs Bike Light'&amp#27;[0m&amp#27;[32m is added to the cart&amp#27;[0m  &amp#27;[90m# org.example.ShoppingStepDefs.somethingIsAddedToTheCart(java.lang.String)&amp#27;[0m
  &amp#27;[32mAnd &amp#27;[0m&amp#27;[32mthe &amp#27;[0m&amp#27;[32m&amp#27;[1m'Cart'&amp#27;[0m&amp#27;[32m button is clicked&amp#27;[0m                        &amp#27;[90m# org.example.CommonStepDefs.theButtonIsClicked(java.lang.String)&amp#27;[0m
  &amp#27;[32mAnd &amp#27;[0m&amp#27;[32mthe &amp#27;[0m&amp#27;[32m&amp#27;[1m'Checkout'&amp#27;[0m&amp#27;[32m button is clicked&amp#27;[0m                    &amp#27;[90m# org.example.CommonStepDefs.theButtonIsClicked(java.lang.String)&amp#27;[0m
  &amp#27;[32mAnd &amp#27;[0m&amp#27;[32mthe &amp#27;[0m&amp#27;[32m&amp#27;[1m'First Name'&amp#27;[0m&amp#27;[32m field is filled with &amp#27;[0m&amp#27;[32m&amp#27;[1m'John'&amp#27;[0m        &amp#27;[90m# org.example.CommonStepDefs.theFieldIsFilledWithText(java.lang.String,java.lang.String)&amp#27;[0m
  &amp#27;[32mAnd &amp#27;[0m&amp#27;[32mthe &amp#27;[0m&amp#27;[32m&amp#27;[1m'Last Name'&amp#27;[0m&amp#27;[32m field is filled with &amp#27;[0m&amp#27;[32m&amp#27;[1m'Doe'&amp#27;[0m          &amp#27;[90m# org.example.CommonStepDefs.theFieldIsFilledWithText(java.lang.String,java.lang.String)&amp#27;[0m
  &amp#27;[32mAnd &amp#27;[0m&amp#27;[32mthe &amp#27;[0m&amp#27;[32m&amp#27;[1m'Zip Code'&amp#27;[0m&amp#27;[32m field is filled with &amp#27;[0m&amp#27;[32m&amp#27;[1m'3210'&amp#27;[0m          &amp#27;[90m# org.example.CommonStepDefs.theFieldIsFilledWithText(java.lang.String,java.lang.String)&amp#27;[0m
  &amp#27;[32mWhen &amp#27;[0m&amp#27;[32mthe &amp#27;[0m&amp#27;[32m&amp#27;[1m'Continue'&amp#27;[0m&amp#27;[32m button is clicked&amp#27;[0m                   &amp#27;[90m# org.example.CommonStepDefs.theButtonIsClicked(java.lang.String)&amp#27;[0m
  &amp#27;[32mThen &amp#27;[0m&amp#27;[32mthe price should read &amp#27;[0m&amp#27;[32m&amp#27;[1m'Total: $10.79'&amp#27;[0m              &amp#27;[90m# org.example.ShoppingStepDefs.thePriceShouldRead(java.lang.String)&amp#27;[0m
  &amp#27;[32mAnd &amp#27;[0m&amp#27;[32mthe &amp#27;[0m&amp#27;[32m&amp#27;[1m'Finish'&amp#27;[0m&amp#27;[32m button is clicked&amp#27;[0m                      &amp#27;[90m# org.example.CommonStepDefs.theButtonIsClicked(java.lang.String)&amp#27;[0m
]]></system-out>
  </testcase>
  <testcase name="Example #1.2" classname="Examples" time="2.585">
    <system-out><![CDATA[
Scenario Outline: Incorrect checking out                          &amp#27;[90m# org/example/shopping.feature:44&amp#27;[0m
  &amp#27;[32mGiven &amp#27;[0m&amp#27;[32mthe home page is opened&amp#27;[0m                                   &amp#27;[90m# org.example.CommonStepDefs.theHomePageIsOpened()&amp#27;[0m
  &amp#27;[32mAnd &amp#27;[0m&amp#27;[32mthe &amp#27;[0m&amp#27;[32m&amp#27;[1m'Username'&amp#27;[0m&amp#27;[32m field is filled with &amp#27;[0m&amp#27;[32m&amp#27;[1m'standard_user'&amp#27;[0m         &amp#27;[90m# org.example.CommonStepDefs.theFieldIsFilledWithText(java.lang.String,java.lang.String)&amp#27;[0m
  &amp#27;[32mAnd &amp#27;[0m&amp#27;[32mthe &amp#27;[0m&amp#27;[32m&amp#27;[1m'Password'&amp#27;[0m&amp#27;[32m field is filled with &amp#27;[0m&amp#27;[32m&amp#27;[1m'secret_sauce'&amp#27;[0m          &amp#27;[90m# org.example.CommonStepDefs.theFieldIsFilledWithText(java.lang.String,java.lang.String)&amp#27;[0m
  &amp#27;[32mAnd &amp#27;[0m&amp#27;[32mthe &amp#27;[0m&amp#27;[32m&amp#27;[1m'Login'&amp#27;[0m&amp#27;[32m button is clicked&amp#27;[0m                               &amp#27;[90m# org.example.CommonStepDefs.theButtonIsClicked(java.lang.String)&amp#27;[0m
  &amp#27;[32mGiven &amp#27;[0m&amp#27;[32mthe &amp#27;[0m&amp#27;[32m&amp#27;[1m'Sauce Labs Bolt T-Shirt'&amp#27;[0m&amp#27;[32m is added to the cart&amp#27;[0m        &amp#27;[90m# org.example.ShoppingStepDefs.somethingIsAddedToTheCart(java.lang.String)&amp#27;[0m
  &amp#27;[32mAnd &amp#27;[0m&amp#27;[32mthe &amp#27;[0m&amp#27;[32m&amp#27;[1m'Cart'&amp#27;[0m&amp#27;[32m button is clicked&amp#27;[0m                                &amp#27;[90m# org.example.CommonStepDefs.theButtonIsClicked(java.lang.String)&amp#27;[0m
  &amp#27;[32mAnd &amp#27;[0m&amp#27;[32mthe &amp#27;[0m&amp#27;[32m&amp#27;[1m'Checkout'&amp#27;[0m&amp#27;[32m button is clicked&amp#27;[0m                            &amp#27;[90m# org.example.CommonStepDefs.theButtonIsClicked(java.lang.String)&amp#27;[0m
  &amp#27;[32mAnd &amp#27;[0m&amp#27;[32mthe &amp#27;[0m&amp#27;[32m&amp#27;[1m'First Name'&amp#27;[0m&amp#27;[32m field is filled with &amp#27;[0m&amp#27;[32m&amp#27;[1m'John'&amp#27;[0m                &amp#27;[90m# org.example.CommonStepDefs.theFieldIsFilledWithText(java.lang.String,java.lang.String)&amp#27;[0m
  &amp#27;[32mAnd &amp#27;[0m&amp#27;[32mthe &amp#27;[0m&amp#27;[32m&amp#27;[1m'Last Name'&amp#27;[0m&amp#27;[32m field is filled with &amp#27;[0m&amp#27;[32m&amp#27;[1m''&amp#27;[0m                     &amp#27;[90m# org.example.CommonStepDefs.theFieldIsFilledWithText(java.lang.String,java.lang.String)&amp#27;[0m
  &amp#27;[32mAnd &amp#27;[0m&amp#27;[32mthe &amp#27;[0m&amp#27;[32m&amp#27;[1m'Zip Code'&amp#27;[0m&amp#27;[32m field is filled with &amp#27;[0m&amp#27;[32m&amp#27;[1m'3210'&amp#27;[0m                  &amp#27;[90m# org.example.CommonStepDefs.theFieldIsFilledWithText(java.lang.String,java.lang.String)&amp#27;[0m
  &amp#27;[32mWhen &amp#27;[0m&amp#27;[32mthe &amp#27;[0m&amp#27;[32m&amp#27;[1m'Continue'&amp#27;[0m&amp#27;[32m button is clicked&amp#27;[0m                           &amp#27;[90m# org.example.CommonStepDefs.theButtonIsClicked(java.lang.String)&amp#27;[0m
  &amp#27;[32mThen &amp#27;[0m&amp#27;[32mthe checkout error &amp#27;[0m&amp#27;[32m&amp#27;[1m'Error: Last Name is required'&amp#27;[0m&amp#27;[32m is shown&amp#27;[0m &amp#27;[90m# org.example.ShoppingStepDefs.theCheckoutErrorCheckoutErrorMessageIsShown(java.lang.String)&amp#27;[0m
  &amp#27;[32mAnd &amp#27;[0m&amp#27;[32mthe shopping cart must be emptied&amp#27;[0m                           &amp#27;[90m# org.example.ShoppingStepDefs.theShoppingCartMustBeEmpty()&amp#27;[0m
]]></system-out>
  </testcase>
  <testcase name="Example #1.3" classname="Examples" time="0.383">
    <system-out><![CDATA[
Scenario Outline: Incorrect login attempts                                                              &amp#27;[90m# org/example/login.feature:15&amp#27;[0m
  &amp#27;[32mGiven &amp#27;[0m&amp#27;[32mthe home page is opened&amp#27;[0m                                                                         &amp#27;[90m# org.example.CommonStepDefs.theHomePageIsOpened()&amp#27;[0m
  &amp#27;[32mGiven &amp#27;[0m&amp#27;[32mthe &amp#27;[0m&amp#27;[32m&amp#27;[1m'Username'&amp#27;[0m&amp#27;[32m field is filled with &amp#27;[0m&amp#27;[32m&amp#27;[1m'standard_user'&amp#27;[0m                                             &amp#27;[90m# org.example.CommonStepDefs.theFieldIsFilledWithText(java.lang.String,java.lang.String)&amp#27;[0m
  &amp#27;[32mAnd &amp#27;[0m&amp#27;[32mthe &amp#27;[0m&amp#27;[32m&amp#27;[1m'Password'&amp#27;[0m&amp#27;[32m field is filled with &amp#27;[0m&amp#27;[32m&amp#27;[1m'wrong_password'&amp#27;[0m                                              &amp#27;[90m# org.example.CommonStepDefs.theFieldIsFilledWithText(java.lang.String,java.lang.String)&amp#27;[0m
  &amp#27;[32mWhen &amp#27;[0m&amp#27;[32mthe &amp#27;[0m&amp#27;[32m&amp#27;[1m'Login'&amp#27;[0m&amp#27;[32m button is clicked&amp#27;[0m                                                                    &amp#27;[90m# org.example.CommonStepDefs.theButtonIsClicked(java.lang.String)&amp#27;[0m
  &amp#27;[32mThen &amp#27;[0m&amp#27;[32mthe &amp#27;[0m&amp#27;[32m&amp#27;[1m'Epic sadface: Username and password do not match any user in this service'&amp#27;[0m&amp#27;[32m message is shown&amp#27;[0m &amp#27;[90m# org.example.LoginStepDefs.theErrorMessageMessageIsShown(java.lang.String)&amp#27;[0m
]]></system-out>
  </testcase>
  <testcase name="Example #1.3" classname="Examples" time="5.346">
    <system-out><![CDATA[
Scenario Outline: Correct login attempts                              &amp#27;[90m# org/example/login.feature:27&amp#27;[0m
  &amp#27;[32mGiven &amp#27;[0m&amp#27;[32mthe home page is opened&amp#27;[0m                                       &amp#27;[90m# org.example.CommonStepDefs.theHomePageIsOpened()&amp#27;[0m
  &amp#27;[32mGiven &amp#27;[0m&amp#27;[32mthe &amp#27;[0m&amp#27;[32m&amp#27;[1m'Username'&amp#27;[0m&amp#27;[32m field is filled with &amp#27;[0m&amp#27;[32m&amp#27;[1m'performance_glitch_user'&amp#27;[0m &amp#27;[90m# org.example.CommonStepDefs.theFieldIsFilledWithText(java.lang.String,java.lang.String)&amp#27;[0m
  &amp#27;[32mAnd &amp#27;[0m&amp#27;[32mthe &amp#27;[0m&amp#27;[32m&amp#27;[1m'Password'&amp#27;[0m&amp#27;[32m field is filled with &amp#27;[0m&amp#27;[32m&amp#27;[1m'secret_sauce'&amp#27;[0m              &amp#27;[90m# org.example.CommonStepDefs.theFieldIsFilledWithText(java.lang.String,java.lang.String)&amp#27;[0m
  &amp#27;[32mWhen &amp#27;[0m&amp#27;[32mthe &amp#27;[0m&amp#27;[32m&amp#27;[1m'Login'&amp#27;[0m&amp#27;[32m button is clicked&amp#27;[0m                                  &amp#27;[90m# org.example.CommonStepDefs.theButtonIsClicked(java.lang.String)&amp#27;[0m
  &amp#27;[32mThen &amp#27;[0m&amp#27;[32mthe user enters &amp#27;[0m&amp#27;[32m&amp#27;[1m"https://www.saucedemo.com/inventory.html"&amp#27;[0m     &amp#27;[90m# org.example.LoginStepDefs.theUserEnters(java.lang.String)&amp#27;[0m
]]></system-out>
  </testcase>
  <testcase name="Example #1.3" classname="Examples" time="5.83">
    <system-out><![CDATA[
Scenario Outline: User can log out successfully                       &amp#27;[90m# org/example/logout.feature:18&amp#27;[0m
  &amp#27;[32mGiven &amp#27;[0m&amp#27;[32mthe home page is opened&amp#27;[0m                                       &amp#27;[90m# org.example.CommonStepDefs.theHomePageIsOpened()&amp#27;[0m
  &amp#27;[32mGiven &amp#27;[0m&amp#27;[32mthe &amp#27;[0m&amp#27;[32m&amp#27;[1m'Username'&amp#27;[0m&amp#27;[32m field is filled with &amp#27;[0m&amp#27;[32m&amp#27;[1m'performance_glitch_user'&amp#27;[0m &amp#27;[90m# org.example.CommonStepDefs.theFieldIsFilledWithText(java.lang.String,java.lang.String)&amp#27;[0m
  &amp#27;[32mAnd &amp#27;[0m&amp#27;[32mthe &amp#27;[0m&amp#27;[32m&amp#27;[1m'Password'&amp#27;[0m&amp#27;[32m field is filled with &amp#27;[0m&amp#27;[32m&amp#27;[1m'secret_sauce'&amp#27;[0m              &amp#27;[90m# org.example.CommonStepDefs.theFieldIsFilledWithText(java.lang.String,java.lang.String)&amp#27;[0m
  &amp#27;[32mWhen &amp#27;[0m&amp#27;[32mthe &amp#27;[0m&amp#27;[32m&amp#27;[1m'Login'&amp#27;[0m&amp#27;[32m button is clicked&amp#27;[0m                                  &amp#27;[90m# org.example.CommonStepDefs.theButtonIsClicked(java.lang.String)&amp#27;[0m
  &amp#27;[32mWhen &amp#27;[0m&amp#27;[32mthe &amp#27;[0m&amp#27;[32m&amp#27;[1m'Menu'&amp#27;[0m&amp#27;[32m button is clicked&amp#27;[0m                                   &amp#27;[90m# org.example.CommonStepDefs.theButtonIsClicked(java.lang.String)&amp#27;[0m
  &amp#27;[32mWhen &amp#27;[0m&amp#27;[32mthe &amp#27;[0m&amp#27;[32m&amp#27;[1m'Logout'&amp#27;[0m&amp#27;[32m button is clicked&amp#27;[0m                                 &amp#27;[90m# org.example.CommonStepDefs.theButtonIsClicked(java.lang.String)&amp#27;[0m
  &amp#27;[32mThen &amp#27;[0m&amp#27;[32mthe user enters &amp#27;[0m&amp#27;[32m&amp#27;[1m"https://www.saucedemo.com/"&amp#27;[0m                   &amp#27;[90m# org.example.LoginStepDefs.theUserEnters(java.lang.String)&amp#27;[0m
]]></system-out>
  </testcase>
  <testcase name="Example #1.3" classname="Examples" time="1.188">
    <system-out><![CDATA[
Scenario Outline: Verifying price of item during checkout  &amp#27;[90m# org/example/shopping.feature:24&amp#27;[0m
  &amp#27;[32mGiven &amp#27;[0m&amp#27;[32mthe home page is opened&amp#27;[0m                            &amp#27;[90m# org.example.CommonStepDefs.theHomePageIsOpened()&amp#27;[0m
  &amp#27;[32mAnd &amp#27;[0m&amp#27;[32mthe &amp#27;[0m&amp#27;[32m&amp#27;[1m'Username'&amp#27;[0m&amp#27;[32m field is filled with &amp#27;[0m&amp#27;[32m&amp#27;[1m'standard_user'&amp#27;[0m  &amp#27;[90m# org.example.CommonStepDefs.theFieldIsFilledWithText(java.lang.String,java.lang.String)&amp#27;[0m
  &amp#27;[32mAnd &amp#27;[0m&amp#27;[32mthe &amp#27;[0m&amp#27;[32m&amp#27;[1m'Password'&amp#27;[0m&amp#27;[32m field is filled with &amp#27;[0m&amp#27;[32m&amp#27;[1m'secret_sauce'&amp#27;[0m   &amp#27;[90m# org.example.CommonStepDefs.theFieldIsFilledWithText(java.lang.String,java.lang.String)&amp#27;[0m
  &amp#27;[32mAnd &amp#27;[0m&amp#27;[32mthe &amp#27;[0m&amp#27;[32m&amp#27;[1m'Login'&amp#27;[0m&amp#27;[32m button is clicked&amp#27;[0m                        &amp#27;[90m# org.example.CommonStepDefs.theButtonIsClicked(java.lang.String)&amp#27;[0m
  &amp#27;[32mGiven &amp#27;[0m&amp#27;[32mthe &amp#27;[0m&amp#27;[32m&amp#27;[1m'Sauce Labs Bolt T-Shirt'&amp#27;[0m&amp#27;[32m is added to the cart&amp#27;[0m &amp#27;[90m# org.example.ShoppingStepDefs.somethingIsAddedToTheCart(java.lang.String)&amp#27;[0m
  &amp#27;[32mAnd &amp#27;[0m&amp#27;[32mthe &amp#27;[0m&amp#27;[32m&amp#27;[1m'Cart'&amp#27;[0m&amp#27;[32m button is clicked&amp#27;[0m                         &amp#27;[90m# org.example.CommonStepDefs.theButtonIsClicked(java.lang.String)&amp#27;[0m
  &amp#27;[32mAnd &amp#27;[0m&amp#27;[32mthe &amp#27;[0m&amp#27;[32m&amp#27;[1m'Checkout'&amp#27;[0m&amp#27;[32m button is clicked&amp#27;[0m                     &amp#27;[90m# org.example.CommonStepDefs.theButtonIsClicked(java.lang.String)&amp#27;[0m
  &amp#27;[32mAnd &amp#27;[0m&amp#27;[32mthe &amp#27;[0m&amp#27;[32m&amp#27;[1m'First Name'&amp#27;[0m&amp#27;[32m field is filled with &amp#27;[0m&amp#27;[32m&amp#27;[1m'John'&amp#27;[0m         &amp#27;[90m# org.example.CommonStepDefs.theFieldIsFilledWithText(java.lang.String,java.lang.String)&amp#27;[0m
  &amp#27;[32mAnd &amp#27;[0m&amp#27;[32mthe &amp#27;[0m&amp#27;[32m&amp#27;[1m'Last Name'&amp#27;[0m&amp#27;[32m field is filled with &amp#27;[0m&amp#27;[32m&amp#27;[1m'Doe'&amp#27;[0m           &amp#27;[90m# org.example.CommonStepDefs.theFieldIsFilledWithText(java.lang.String,java.lang.String)&amp#27;[0m
  &amp#27;[32mAnd &amp#27;[0m&amp#27;[32mthe &amp#27;[0m&amp#27;[32m&amp#27;[1m'Zip Code'&amp#27;[0m&amp#27;[32m field is filled with &amp#27;[0m&amp#27;[32m&amp#27;[1m'3210'&amp#27;[0m           &amp#27;[90m# org.example.CommonStepDefs.theFieldIsFilledWithText(java.lang.String,java.lang.String)&amp#27;[0m
  &amp#27;[32mWhen &amp#27;[0m&amp#27;[32mthe &amp#27;[0m&amp#27;[32m&amp#27;[1m'Continue'&amp#27;[0m&amp#27;[32m button is clicked&amp#27;[0m                    &amp#27;[90m# org.example.CommonStepDefs.theButtonIsClicked(java.lang.String)&amp#27;[0m
  &amp#27;[32mThen &amp#27;[0m&amp#27;[32mthe price should read &amp#27;[0m&amp#27;[32m&amp#27;[1m'Total: $17.27'&amp#27;[0m               &amp#27;[90m# org.example.ShoppingStepDefs.thePriceShouldRead(java.lang.String)&amp#27;[0m
  &amp#27;[32mAnd &amp#27;[0m&amp#27;[32mthe &amp#27;[0m&amp#27;[32m&amp#27;[1m'Finish'&amp#27;[0m&amp#27;[32m button is clicked&amp#27;[0m                       &amp#27;[90m# org.example.CommonStepDefs.theButtonIsClicked(java.lang.String)&amp#27;[0m
]]></system-out>
  </testcase>
  <testcase name="Example #1.3" classname="Examples" time="2.39">
    <system-out><![CDATA[
Scenario Outline: Incorrect checking out                            &amp#27;[90m# org/example/shopping.feature:45&amp#27;[0m
  &amp#27;[32mGiven &amp#27;[0m&amp#27;[32mthe home page is opened&amp#27;[0m                                     &amp#27;[90m# org.example.CommonStepDefs.theHomePageIsOpened()&amp#27;[0m
  &amp#27;[32mAnd &amp#27;[0m&amp#27;[32mthe &amp#27;[0m&amp#27;[32m&amp#27;[1m'Username'&amp#27;[0m&amp#27;[32m field is filled with &amp#27;[0m&amp#27;[32m&amp#27;[1m'standard_user'&amp#27;[0m           &amp#27;[90m# org.example.CommonStepDefs.theFieldIsFilledWithText(java.lang.String,java.lang.String)&amp#27;[0m
  &amp#27;[32mAnd &amp#27;[0m&amp#27;[32mthe &amp#27;[0m&amp#27;[32m&amp#27;[1m'Password'&amp#27;[0m&amp#27;[32m field is filled with &amp#27;[0m&amp#27;[32m&amp#27;[1m'secret_sauce'&amp#27;[0m            &amp#27;[90m# org.example.CommonStepDefs.theFieldIsFilledWithText(java.lang.String,java.lang.String)&amp#27;[0m
  &amp#27;[32mAnd &amp#27;[0m&amp#27;[32mthe &amp#27;[0m&amp#27;[32m&amp#27;[1m'Login'&amp#27;[0m&amp#27;[32m button is clicked&amp#27;[0m                                 &amp#27;[90m# org.example.CommonStepDefs.theButtonIsClicked(java.lang.String)&amp#27;[0m
  &amp#27;[32mGiven &amp#27;[0m&amp#27;[32mthe &amp#27;[0m&amp#27;[32m&amp#27;[1m'Sauce Labs Bolt T-Shirt'&amp#27;[0m&amp#27;[32m is added to the cart&amp#27;[0m          &amp#27;[90m# org.example.ShoppingStepDefs.somethingIsAddedToTheCart(java.lang.String)&amp#27;[0m
  &amp#27;[32mAnd &amp#27;[0m&amp#27;[32mthe &amp#27;[0m&amp#27;[32m&amp#27;[1m'Cart'&amp#27;[0m&amp#27;[32m button is clicked&amp#27;[0m                                  &amp#27;[90m# org.example.CommonStepDefs.theButtonIsClicked(java.lang.String)&amp#27;[0m
  &amp#27;[32mAnd &amp#27;[0m&amp#27;[32mthe &amp#27;[0m&amp#27;[32m&amp#27;[1m'Checkout'&amp#27;[0m&amp#27;[32m button is clicked&amp#27;[0m                              &amp#27;[90m# org.example.CommonStepDefs.theButtonIsClicked(java.lang.String)&amp#27;[0m
  &amp#27;[32mAnd &amp#27;[0m&amp#27;[32mthe &amp#27;[0m&amp#27;[32m&amp#27;[1m'First Name'&amp#27;[0m&amp#27;[32m field is filled with &amp#27;[0m&amp#27;[32m&amp#27;[1m'John'&amp#27;[0m                  &amp#27;[90m# org.example.CommonStepDefs.theFieldIsFilledWithText(java.lang.String,java.lang.String)&amp#27;[0m
  &amp#27;[32mAnd &amp#27;[0m&amp#27;[32mthe &amp#27;[0m&amp#27;[32m&amp#27;[1m'Last Name'&amp#27;[0m&amp#27;[32m field is filled with &amp#27;[0m&amp#27;[32m&amp#27;[1m'Doe'&amp#27;[0m                    &amp#27;[90m# org.example.CommonStepDefs.theFieldIsFilledWithText(java.lang.String,java.lang.String)&amp#27;[0m
  &amp#27;[32mAnd &amp#27;[0m&amp#27;[32mthe &amp#27;[0m&amp#27;[32m&amp#27;[1m'Zip Code'&amp#27;[0m&amp#27;[32m field is filled with &amp#27;[0m&amp#27;[32m&amp#27;[1m''&amp#27;[0m                        &amp#27;[90m# org.example.CommonStepDefs.theFieldIsFilledWithText(java.lang.String,java.lang.String)&amp#27;[0m
  &amp#27;[32mWhen &amp#27;[0m&amp#27;[32mthe &amp#27;[0m&amp#27;[32m&amp#27;[1m'Continue'&amp#27;[0m&amp#27;[32m button is clicked&amp#27;[0m                             &amp#27;[90m# org.example.CommonStepDefs.theButtonIsClicked(java.lang.String)&amp#27;[0m
  &amp#27;[32mThen &amp#27;[0m&amp#27;[32mthe checkout error &amp#27;[0m&amp#27;[32m&amp#27;[1m'Error: Postal Code is required'&amp#27;[0m&amp#27;[32m is shown&amp#27;[0m &amp#27;[90m# org.example.ShoppingStepDefs.theCheckoutErrorCheckoutErrorMessageIsShown(java.lang.String)&amp#27;[0m
  &amp#27;[32mAnd &amp#27;[0m&amp#27;[32mthe shopping cart must be emptied&amp#27;[0m                             &amp#27;[90m# org.example.ShoppingStepDefs.theShoppingCartMustBeEmpty()&amp#27;[0m
]]></system-out>
  </testcase>
  <testcase name="Example #1.4" classname="Examples" time="0.453">
    <system-out><![CDATA[
Scenario Outline: Incorrect login attempts                                        &amp#27;[90m# org/example/login.feature:16&amp#27;[0m
  &amp#27;[32mGiven &amp#27;[0m&amp#27;[32mthe home page is opened&amp#27;[0m                                                   &amp#27;[90m# org.example.CommonStepDefs.theHomePageIsOpened()&amp#27;[0m
  &amp#27;[32mGiven &amp#27;[0m&amp#27;[32mthe &amp#27;[0m&amp#27;[32m&amp#27;[1m'Username'&amp#27;[0m&amp#27;[32m field is filled with &amp#27;[0m&amp#27;[32m&amp#27;[1m'locked_out_user'&amp#27;[0m                     &amp#27;[90m# org.example.CommonStepDefs.theFieldIsFilledWithText(java.lang.String,java.lang.String)&amp#27;[0m
  &amp#27;[32mAnd &amp#27;[0m&amp#27;[32mthe &amp#27;[0m&amp#27;[32m&amp#27;[1m'Password'&amp#27;[0m&amp#27;[32m field is filled with &amp#27;[0m&amp#27;[32m&amp#27;[1m'secret_sauce'&amp#27;[0m                          &amp#27;[90m# org.example.CommonStepDefs.theFieldIsFilledWithText(java.lang.String,java.lang.String)&amp#27;[0m
  &amp#27;[32mWhen &amp#27;[0m&amp#27;[32mthe &amp#27;[0m&amp#27;[32m&amp#27;[1m'Login'&amp#27;[0m&amp#27;[32m button is clicked&amp#27;[0m                                              &amp#27;[90m# org.example.CommonStepDefs.theButtonIsClicked(java.lang.String)&amp#27;[0m
  &amp#27;[32mThen &amp#27;[0m&amp#27;[32mthe &amp#27;[0m&amp#27;[32m&amp#27;[1m'Epic sadface: Sorry, this user has been locked out.'&amp#27;[0m&amp#27;[32m message is shown&amp#27;[0m &amp#27;[90m# org.example.LoginStepDefs.theErrorMessageMessageIsShown(java.lang.String)&amp#27;[0m
]]></system-out>
  </testcase>
  <testcase name="Example #1.4" classname="Examples" time="0.371">
    <system-out><![CDATA[
Scenario Outline: Correct login attempts                          &amp#27;[90m# org/example/login.feature:28&amp#27;[0m
  &amp#27;[32mGiven &amp#27;[0m&amp#27;[32mthe home page is opened&amp#27;[0m                                   &amp#27;[90m# org.example.CommonStepDefs.theHomePageIsOpened()&amp#27;[0m
  &amp#27;[32mGiven &amp#27;[0m&amp#27;[32mthe &amp#27;[0m&amp#27;[32m&amp#27;[1m'Username'&amp#27;[0m&amp#27;[32m field is filled with &amp#27;[0m&amp#27;[32m&amp#27;[1m'error_user'&amp#27;[0m          &amp#27;[90m# org.example.CommonStepDefs.theFieldIsFilledWithText(java.lang.String,java.lang.String)&amp#27;[0m
  &amp#27;[32mAnd &amp#27;[0m&amp#27;[32mthe &amp#27;[0m&amp#27;[32m&amp#27;[1m'Password'&amp#27;[0m&amp#27;[32m field is filled with &amp#27;[0m&amp#27;[32m&amp#27;[1m'secret_sauce'&amp#27;[0m          &amp#27;[90m# org.example.CommonStepDefs.theFieldIsFilledWithText(java.lang.String,java.lang.String)&amp#27;[0m
  &amp#27;[32mWhen &amp#27;[0m&amp#27;[32mthe &amp#27;[0m&amp#27;[32m&amp#27;[1m'Login'&amp#27;[0m&amp#27;[32m button is clicked&amp#27;[0m                              &amp#27;[90m# org.example.CommonStepDefs.theButtonIsClicked(java.lang.String)&amp#27;[0m
  &amp#27;[32mThen &amp#27;[0m&amp#27;[32mthe user enters &amp#27;[0m&amp#27;[32m&amp#27;[1m"https://www.saucedemo.com/inventory.html"&amp#27;[0m &amp#27;[90m# org.example.LoginStepDefs.theUserEnters(java.lang.String)&amp#27;[0m
]]></system-out>
  </testcase>
  <testcase name="Example #1.4" classname="Examples" time="0.733">
    <system-out><![CDATA[
Scenario Outline: User can log out successfully          &amp#27;[90m# org/example/logout.feature:19&amp#27;[0m
  &amp#27;[32mGiven &amp#27;[0m&amp#27;[32mthe home page is opened&amp#27;[0m                          &amp#27;[90m# org.example.CommonStepDefs.theHomePageIsOpened()&amp#27;[0m
  &amp#27;[32mGiven &amp#27;[0m&amp#27;[32mthe &amp#27;[0m&amp#27;[32m&amp#27;[1m'Username'&amp#27;[0m&amp#27;[32m field is filled with &amp#27;[0m&amp#27;[32m&amp#27;[1m'error_user'&amp#27;[0m &amp#27;[90m# org.example.CommonStepDefs.theFieldIsFilledWithText(java.lang.String,java.lang.String)&amp#27;[0m
  &amp#27;[32mAnd &amp#27;[0m&amp#27;[32mthe &amp#27;[0m&amp#27;[32m&amp#27;[1m'Password'&amp#27;[0m&amp#27;[32m field is filled with &amp#27;[0m&amp#27;[32m&amp#27;[1m'secret_sauce'&amp#27;[0m &amp#27;[90m# org.example.CommonStepDefs.theFieldIsFilledWithText(java.lang.String,java.lang.String)&amp#27;[0m
  &amp#27;[32mWhen &amp#27;[0m&amp#27;[32mthe &amp#27;[0m&amp#27;[32m&amp#27;[1m'Login'&amp#27;[0m&amp#27;[32m button is clicked&amp#27;[0m                     &amp#27;[90m# org.example.CommonStepDefs.theButtonIsClicked(java.lang.String)&amp#27;[0m
  &amp#27;[32mWhen &amp#27;[0m&amp#27;[32mthe &amp#27;[0m&amp#27;[32m&amp#27;[1m'Menu'&amp#27;[0m&amp#27;[32m button is clicked&amp#27;[0m                      &amp#27;[90m# org.example.CommonStepDefs.theButtonIsClicked(java.lang.String)&amp#27;[0m
  &amp#27;[32mWhen &amp#27;[0m&amp#27;[32mthe &amp#27;[0m&amp#27;[32m&amp#27;[1m'Logout'&amp#27;[0m&amp#27;[32m button is clicked&amp#27;[0m                    &amp#27;[90m# org.example.CommonStepDefs.theButtonIsClicked(java.lang.String)&amp#27;[0m
  &amp#27;[32mThen &amp#27;[0m&amp#27;[32mthe user enters &amp#27;[0m&amp#27;[32m&amp#27;[1m"https://www.saucedemo.com/"&amp#27;[0m      &amp#27;[90m# org.example.LoginStepDefs.theUserEnters(java.lang.String)&amp#27;[0m
]]></system-out>
  </testcase>
  <testcase name="Example #1.4" classname="Examples" time="1.644">
    <system-out><![CDATA[
Scenario Outline: Verifying price of item during checkout   &amp#27;[90m# org/example/shopping.feature:25&amp#27;[0m
  &amp#27;[32mGiven &amp#27;[0m&amp#27;[32mthe home page is opened&amp#27;[0m                             &amp#27;[90m# org.example.CommonStepDefs.theHomePageIsOpened()&amp#27;[0m
  &amp#27;[32mAnd &amp#27;[0m&amp#27;[32mthe &amp#27;[0m&amp#27;[32m&amp#27;[1m'Username'&amp#27;[0m&amp#27;[32m field is filled with &amp#27;[0m&amp#27;[32m&amp#27;[1m'standard_user'&amp#27;[0m   &amp#27;[90m# org.example.CommonStepDefs.theFieldIsFilledWithText(java.lang.String,java.lang.String)&amp#27;[0m
  &amp#27;[32mAnd &amp#27;[0m&amp#27;[32mthe &amp#27;[0m&amp#27;[32m&amp#27;[1m'Password'&amp#27;[0m&amp#27;[32m field is filled with &amp#27;[0m&amp#27;[32m&amp#27;[1m'secret_sauce'&amp#27;[0m    &amp#27;[90m# org.example.CommonStepDefs.theFieldIsFilledWithText(java.lang.String,java.lang.String)&amp#27;[0m
  &amp#27;[32mAnd &amp#27;[0m&amp#27;[32mthe &amp#27;[0m&amp#27;[32m&amp#27;[1m'Login'&amp#27;[0m&amp#27;[32m button is clicked&amp#27;[0m                         &amp#27;[90m# org.example.CommonStepDefs.theButtonIsClicked(java.lang.String)&amp#27;[0m
  &amp#27;[32mGiven &amp#27;[0m&amp#27;[32mthe &amp#27;[0m&amp#27;[32m&amp#27;[1m'Sauce Labs Fleece Jacket'&amp#27;[0m&amp#27;[32m is added to the cart&amp#27;[0m &amp#27;[90m# org.example.ShoppingStepDefs.somethingIsAddedToTheCart(java.lang.String)&amp#27;[0m
  &amp#27;[32mAnd &amp#27;[0m&amp#27;[32mthe &amp#27;[0m&amp#27;[32m&amp#27;[1m'Cart'&amp#27;[0m&amp#27;[32m button is clicked&amp#27;[0m                          &amp#27;[90m# org.example.CommonStepDefs.theButtonIsClicked(java.lang.String)&amp#27;[0m
  &amp#27;[32mAnd &amp#27;[0m&amp#27;[32mthe &amp#27;[0m&amp#27;[32m&amp#27;[1m'Checkout'&amp#27;[0m&amp#27;[32m button is clicked&amp#27;[0m                      &amp#27;[90m# org.example.CommonStepDefs.theButtonIsClicked(java.lang.String)&amp#27;[0m
  &amp#27;[32mAnd &amp#27;[0m&amp#27;[32mthe &amp#27;[0m&amp#27;[32m&amp#27;[1m'First Name'&amp#27;[0m&amp#27;[32m field is filled with &amp#27;[0m&amp#27;[32m&amp#27;[1m'John'&amp#27;[0m          &amp#27;[90m# org.example.CommonStepDefs.theFieldIsFilledWithText(java.lang.String,java.lang.String)&amp#27;[0m
  &amp#27;[32mAnd &amp#27;[0m&amp#27;[32mthe &amp#27;[0m&amp#27;[32m&amp#27;[1m'Last Name'&amp#27;[0m&amp#27;[32m field is filled with &amp#27;[0m&amp#27;[32m&amp#27;[1m'Doe'&amp#27;[0m            &amp#27;[90m# org.example.CommonStepDefs.theFieldIsFilledWithText(java.lang.String,java.lang.String)&amp#27;[0m
  &amp#27;[32mAnd &amp#27;[0m&amp#27;[32mthe &amp#27;[0m&amp#27;[32m&amp#27;[1m'Zip Code'&amp#27;[0m&amp#27;[32m field is filled with &amp#27;[0m&amp#27;[32m&amp#27;[1m'3210'&amp#27;[0m            &amp#27;[90m# org.example.CommonStepDefs.theFieldIsFilledWithText(java.lang.String,java.lang.String)&amp#27;[0m
  &amp#27;[32mWhen &amp#27;[0m&amp#27;[32mthe &amp#27;[0m&amp#27;[32m&amp#27;[1m'Continue'&amp#27;[0m&amp#27;[32m button is clicked&amp#27;[0m                     &amp#27;[90m# org.example.CommonStepDefs.theButtonIsClicked(java.lang.String)&amp#27;[0m
  &amp#27;[32mThen &amp#27;[0m&amp#27;[32mthe price should read &amp#27;[0m&amp#27;[32m&amp#27;[1m'Total: $53.99'&amp#27;[0m                &amp#27;[90m# org.example.ShoppingStepDefs.thePriceShouldRead(java.lang.String)&amp#27;[0m
  &amp#27;[32mAnd &amp#27;[0m&amp#27;[32mthe &amp#27;[0m&amp#27;[32m&amp#27;[1m'Finish'&amp#27;[0m&amp#27;[32m button is clicked&amp#27;[0m                        &amp#27;[90m# org.example.CommonStepDefs.theButtonIsClicked(java.lang.String)&amp#27;[0m
]]></system-out>
  </testcase>
  <testcase name="Example #1.4" classname="Examples" time="2.295">
    <system-out><![CDATA[
Scenario Outline: Incorrect checking out                           &amp#27;[90m# org/example/shopping.feature:46&amp#27;[0m
  &amp#27;[32mGiven &amp#27;[0m&amp#27;[32mthe home page is opened&amp#27;[0m                                    &amp#27;[90m# org.example.CommonStepDefs.theHomePageIsOpened()&amp#27;[0m
  &amp#27;[32mAnd &amp#27;[0m&amp#27;[32mthe &amp#27;[0m&amp#27;[32m&amp#27;[1m'Username'&amp#27;[0m&amp#27;[32m field is filled with &amp#27;[0m&amp#27;[32m&amp#27;[1m'standard_user'&amp#27;[0m          &amp#27;[90m# org.example.CommonStepDefs.theFieldIsFilledWithText(java.lang.String,java.lang.String)&amp#27;[0m
  &amp#27;[32mAnd &amp#27;[0m&amp#27;[32mthe &amp#27;[0m&amp#27;[32m&amp#27;[1m'Password'&amp#27;[0m&amp#27;[32m field is filled with &amp#27;[0m&amp#27;[32m&amp#27;[1m'secret_sauce'&amp#27;[0m           &amp#27;[90m# org.example.CommonStepDefs.theFieldIsFilledWithText(java.lang.String,java.lang.String)&amp#27;[0m
  &amp#27;[32mAnd &amp#27;[0m&amp#27;[32mthe &amp#27;[0m&amp#27;[32m&amp#27;[1m'Login'&amp#27;[0m&amp#27;[32m button is clicked&amp#27;[0m                                &amp#27;[90m# org.example.CommonStepDefs.theButtonIsClicked(java.lang.String)&amp#27;[0m
  &amp#27;[32mGiven &amp#27;[0m&amp#27;[32mthe &amp#27;[0m&amp#27;[32m&amp#27;[1m'Sauce Labs Bolt T-Shirt'&amp#27;[0m&amp#27;[32m is added to the cart&amp#27;[0m         &amp#27;[90m# org.example.ShoppingStepDefs.somethingIsAddedToTheCart(java.lang.String)&amp#27;[0m
  &amp#27;[32mAnd &amp#27;[0m&amp#27;[32mthe &amp#27;[0m&amp#27;[32m&amp#27;[1m'Cart'&amp#27;[0m&amp#27;[32m button is clicked&amp#27;[0m                                 &amp#27;[90m# org.example.CommonStepDefs.theButtonIsClicked(java.lang.String)&amp#27;[0m
  &amp#27;[32mAnd &amp#27;[0m&amp#27;[32mthe &amp#27;[0m&amp#27;[32m&amp#27;[1m'Checkout'&amp#27;[0m&amp#27;[32m button is clicked&amp#27;[0m                             &amp#27;[90m# org.example.CommonStepDefs.theButtonIsClicked(java.lang.String)&amp#27;[0m
  &amp#27;[32mAnd &amp#27;[0m&amp#27;[32mthe &amp#27;[0m&amp#27;[32m&amp#27;[1m'First Name'&amp#27;[0m&amp#27;[32m field is filled with &amp#27;[0m&amp#27;[32m&amp#27;[1m''&amp#27;[0m                     &amp#27;[90m# org.example.CommonStepDefs.theFieldIsFilledWithText(java.lang.String,java.lang.String)&amp#27;[0m
  &amp#27;[32mAnd &amp#27;[0m&amp#27;[32mthe &amp#27;[0m&amp#27;[32m&amp#27;[1m'Last Name'&amp#27;[0m&amp#27;[32m field is filled with &amp#27;[0m&amp#27;[32m&amp#27;[1m'Doe'&amp#27;[0m                   &amp#27;[90m# org.example.CommonStepDefs.theFieldIsFilledWithText(java.lang.String,java.lang.String)&amp#27;[0m
  &amp#27;[32mAnd &amp#27;[0m&amp#27;[32mthe &amp#27;[0m&amp#27;[32m&amp#27;[1m'Zip Code'&amp#27;[0m&amp#27;[32m field is filled with &amp#27;[0m&amp#27;[32m&amp#27;[1m'3210'&amp#27;[0m                   &amp#27;[90m# org.example.CommonStepDefs.theFieldIsFilledWithText(java.lang.String,java.lang.String)&amp#27;[0m
  &amp#27;[32mWhen &amp#27;[0m&amp#27;[32mthe &amp#27;[0m&amp#27;[32m&amp#27;[1m'Continue'&amp#27;[0m&amp#27;[32m button is clicked&amp#27;[0m                            &amp#27;[90m# org.example.CommonStepDefs.theButtonIsClicked(java.lang.String)&amp#27;[0m
  &amp#27;[32mThen &amp#27;[0m&amp#27;[32mthe checkout error &amp#27;[0m&amp#27;[32m&amp#27;[1m'Error: First Name is required'&amp#27;[0m&amp#27;[32m is shown&amp#27;[0m &amp#27;[90m# org.example.ShoppingStepDefs.theCheckoutErrorCheckoutErrorMessageIsShown(java.lang.String)&amp#27;[0m
  &amp#27;[32mAnd &amp#27;[0m&amp#27;[32mthe shopping cart must be emptied&amp#27;[0m                            &amp#27;[90m# org.example.ShoppingStepDefs.theShoppingCartMustBeEmpty()&amp#27;[0m
]]></system-out>
  </testcase>
  <testcase name="Example #1.5" classname="Examples" time="0.447">
    <system-out><![CDATA[
Scenario Outline: Correct login attempts                          &amp#27;[90m# org/example/login.feature:29&amp#27;[0m
  &amp#27;[32mGiven &amp#27;[0m&amp#27;[32mthe home page is opened&amp#27;[0m                                   &amp#27;[90m# org.example.CommonStepDefs.theHomePageIsOpened()&amp#27;[0m
  &amp#27;[32mGiven &amp#27;[0m&amp#27;[32mthe &amp#27;[0m&amp#27;[32m&amp#27;[1m'Username'&amp#27;[0m&amp#27;[32m field is filled with &amp#27;[0m&amp#27;[32m&amp#27;[1m'visual_user'&amp#27;[0m         &amp#27;[90m# org.example.CommonStepDefs.theFieldIsFilledWithText(java.lang.String,java.lang.String)&amp#27;[0m
  &amp#27;[32mAnd &amp#27;[0m&amp#27;[32mthe &amp#27;[0m&amp#27;[32m&amp#27;[1m'Password'&amp#27;[0m&amp#27;[32m field is filled with &amp#27;[0m&amp#27;[32m&amp#27;[1m'secret_sauce'&amp#27;[0m          &amp#27;[90m# org.example.CommonStepDefs.theFieldIsFilledWithText(java.lang.String,java.lang.String)&amp#27;[0m
  &amp#27;[32mWhen &amp#27;[0m&amp#27;[32mthe &amp#27;[0m&amp#27;[32m&amp#27;[1m'Login'&amp#27;[0m&amp#27;[32m button is clicked&amp#27;[0m                              &amp#27;[90m# org.example.CommonStepDefs.theButtonIsClicked(java.lang.String)&amp#27;[0m
  &amp#27;[32mThen &amp#27;[0m&amp#27;[32mthe user enters &amp#27;[0m&amp#27;[32m&amp#27;[1m"https://www.saucedemo.com/inventory.html"&amp#27;[0m &amp#27;[90m# org.example.LoginStepDefs.theUserEnters(java.lang.String)&amp#27;[0m
]]></system-out>
  </testcase>
  <testcase name="Example #1.5" classname="Examples" time="0.894">
    <system-out><![CDATA[
Scenario Outline: User can log out successfully           &amp#27;[90m# org/example/logout.feature:20&amp#27;[0m
  &amp#27;[32mGiven &amp#27;[0m&amp#27;[32mthe home page is opened&amp#27;[0m                           &amp#27;[90m# org.example.CommonStepDefs.theHomePageIsOpened()&amp#27;[0m
  &amp#27;[32mGiven &amp#27;[0m&amp#27;[32mthe &amp#27;[0m&amp#27;[32m&amp#27;[1m'Username'&amp#27;[0m&amp#27;[32m field is filled with &amp#27;[0m&amp#27;[32m&amp#27;[1m'visual_user'&amp#27;[0m &amp#27;[90m# org.example.CommonStepDefs.theFieldIsFilledWithText(java.lang.String,java.lang.String)&amp#27;[0m
  &amp#27;[32mAnd &amp#27;[0m&amp#27;[32mthe &amp#27;[0m&amp#27;[32m&amp#27;[1m'Password'&amp#27;[0m&amp#27;[32m field is filled with &amp#27;[0m&amp#27;[32m&amp#27;[1m'secret_sauce'&amp#27;[0m  &amp#27;[90m# org.example.CommonStepDefs.theFieldIsFilledWithText(java.lang.String,java.lang.String)&amp#27;[0m
  &amp#27;[32mWhen &amp#27;[0m&amp#27;[32mthe &amp#27;[0m&amp#27;[32m&amp#27;[1m'Login'&amp#27;[0m&amp#27;[32m button is clicked&amp#27;[0m                      &amp#27;[90m# org.example.CommonStepDefs.theButtonIsClicked(java.lang.String)&amp#27;[0m
  &amp#27;[32mWhen &amp#27;[0m&amp#27;[32mthe &amp#27;[0m&amp#27;[32m&amp#27;[1m'Menu'&amp#27;[0m&amp#27;[32m button is clicked&amp#27;[0m                       &amp#27;[90m# org.example.CommonStepDefs.theButtonIsClicked(java.lang.String)&amp#27;[0m
  &amp#27;[32mWhen &amp#27;[0m&amp#27;[32mthe &amp#27;[0m&amp#27;[32m&amp#27;[1m'Logout'&amp#27;[0m&amp#27;[32m button is clicked&amp#27;[0m                     &amp#27;[90m# org.example.CommonStepDefs.theButtonIsClicked(java.lang.String)&amp#27;[0m
  &amp#27;[32mThen &amp#27;[0m&amp#27;[32mthe user enters &amp#27;[0m&amp#27;[32m&amp#27;[1m"https://www.saucedemo.com/"&amp#27;[0m       &amp#27;[90m# org.example.LoginStepDefs.theUserEnters(java.lang.String)&amp#27;[0m
]]></system-out>
  </testcase>
  <testcase name="Example #1.5" classname="Examples" time="1.682">
    <system-out><![CDATA[
Scenario Outline: Verifying price of item during checkout &amp#27;[90m# org/example/shopping.feature:26&amp#27;[0m
  &amp#27;[32mGiven &amp#27;[0m&amp#27;[32mthe home page is opened&amp#27;[0m                           &amp#27;[90m# org.example.CommonStepDefs.theHomePageIsOpened()&amp#27;[0m
  &amp#27;[32mAnd &amp#27;[0m&amp#27;[32mthe &amp#27;[0m&amp#27;[32m&amp#27;[1m'Username'&amp#27;[0m&amp#27;[32m field is filled with &amp#27;[0m&amp#27;[32m&amp#27;[1m'standard_user'&amp#27;[0m &amp#27;[90m# org.example.CommonStepDefs.theFieldIsFilledWithText(java.lang.String,java.lang.String)&amp#27;[0m
  &amp#27;[32mAnd &amp#27;[0m&amp#27;[32mthe &amp#27;[0m&amp#27;[32m&amp#27;[1m'Password'&amp#27;[0m&amp#27;[32m field is filled with &amp#27;[0m&amp#27;[32m&amp#27;[1m'secret_sauce'&amp#27;[0m  &amp#27;[90m# org.example.CommonStepDefs.theFieldIsFilledWithText(java.lang.String,java.lang.String)&amp#27;[0m
  &amp#27;[32mAnd &amp#27;[0m&amp#27;[32mthe &amp#27;[0m&amp#27;[32m&amp#27;[1m'Login'&amp#27;[0m&amp#27;[32m button is clicked&amp#27;[0m                       &amp#27;[90m# org.example.CommonStepDefs.theButtonIsClicked(java.lang.String)&amp#27;[0m
  &amp#27;[32mGiven &amp#27;[0m&amp#27;[32mthe &amp#27;[0m&amp#27;[32m&amp#27;[1m'Sauce Labs Onesie'&amp#27;[0m&amp#27;[32m is added to the cart&amp#27;[0m      &amp#27;[90m# org.example.ShoppingStepDefs.somethingIsAddedToTheCart(java.lang.String)&amp#27;[0m
  &amp#27;[32mAnd &amp#27;[0m&amp#27;[32mthe &amp#27;[0m&amp#27;[32m&amp#27;[1m'Cart'&amp#27;[0m&amp#27;[32m button is clicked&amp#27;[0m                        &amp#27;[90m# org.example.CommonStepDefs.theButtonIsClicked(java.lang.String)&amp#27;[0m
  &amp#27;[32mAnd &amp#27;[0m&amp#27;[32mthe &amp#27;[0m&amp#27;[32m&amp#27;[1m'Checkout'&amp#27;[0m&amp#27;[32m button is clicked&amp#27;[0m                    &amp#27;[90m# org.example.CommonStepDefs.theButtonIsClicked(java.lang.String)&amp#27;[0m
  &amp#27;[32mAnd &amp#27;[0m&amp#27;[32mthe &amp#27;[0m&amp#27;[32m&amp#27;[1m'First Name'&amp#27;[0m&amp#27;[32m field is filled with &amp#27;[0m&amp#27;[32m&amp#27;[1m'John'&amp#27;[0m        &amp#27;[90m# org.example.CommonStepDefs.theFieldIsFilledWithText(java.lang.String,java.lang.String)&amp#27;[0m
  &amp#27;[32mAnd &amp#27;[0m&amp#27;[32mthe &amp#27;[0m&amp#27;[32m&amp#27;[1m'Last Name'&amp#27;[0m&amp#27;[32m field is filled with &amp#27;[0m&amp#27;[32m&amp#27;[1m'Doe'&amp#27;[0m          &amp#27;[90m# org.example.CommonStepDefs.theFieldIsFilledWithText(java.lang.String,java.lang.String)&amp#27;[0m
  &amp#27;[32mAnd &amp#27;[0m&amp#27;[32mthe &amp#27;[0m&amp#27;[32m&amp#27;[1m'Zip Code'&amp#27;[0m&amp#27;[32m field is filled with &amp#27;[0m&amp#27;[32m&amp#27;[1m'3210'&amp#27;[0m          &amp#27;[90m# org.example.CommonStepDefs.theFieldIsFilledWithText(java.lang.String,java.lang.String)&amp#27;[0m
  &amp#27;[32mWhen &amp#27;[0m&amp#27;[32mthe &amp#27;[0m&amp#27;[32m&amp#27;[1m'Continue'&amp#27;[0m&amp#27;[32m button is clicked&amp#27;[0m                   &amp#27;[90m# org.example.CommonStepDefs.theButtonIsClicked(java.lang.String)&amp#27;[0m
  &amp#27;[32mThen &amp#27;[0m&amp#27;[32mthe price should read &amp#27;[0m&amp#27;[32m&amp#27;[1m'Total: $8.63'&amp#27;[0m               &amp#27;[90m# org.example.ShoppingStepDefs.thePriceShouldRead(java.lang.String)&amp#27;[0m
  &amp#27;[32mAnd &amp#27;[0m&amp#27;[32mthe &amp#27;[0m&amp#27;[32m&amp#27;[1m'Finish'&amp#27;[0m&amp#27;[32m button is clicked&amp#27;[0m                      &amp#27;[90m# org.example.CommonStepDefs.theButtonIsClicked(java.lang.String)&amp#27;[0m
]]></system-out>
  </testcase>
  <testcase name="Example #1.5" classname="Examples" time="2.38">
    <system-out><![CDATA[
Scenario Outline: Incorrect checking out                           &amp#27;[90m# org/example/shopping.feature:47&amp#27;[0m
  &amp#27;[32mGiven &amp#27;[0m&amp#27;[32mthe home page is opened&amp#27;[0m                                    &amp#27;[90m# org.example.CommonStepDefs.theHomePageIsOpened()&amp#27;[0m
  &amp#27;[32mAnd &amp#27;[0m&amp#27;[32mthe &amp#27;[0m&amp#27;[32m&amp#27;[1m'Username'&amp#27;[0m&amp#27;[32m field is filled with &amp#27;[0m&amp#27;[32m&amp#27;[1m'standard_user'&amp#27;[0m          &amp#27;[90m# org.example.CommonStepDefs.theFieldIsFilledWithText(java.lang.String,java.lang.String)&amp#27;[0m
  &amp#27;[32mAnd &amp#27;[0m&amp#27;[32mthe &amp#27;[0m&amp#27;[32m&amp#27;[1m'Password'&amp#27;[0m&amp#27;[32m field is filled with &amp#27;[0m&amp#27;[32m&amp#27;[1m'secret_sauce'&amp#27;[0m           &amp#27;[90m# org.example.CommonStepDefs.theFieldIsFilledWithText(java.lang.String,java.lang.String)&amp#27;[0m
  &amp#27;[32mAnd &amp#27;[0m&amp#27;[32mthe &amp#27;[0m&amp#27;[32m&amp#27;[1m'Login'&amp#27;[0m&amp#27;[32m button is clicked&amp#27;[0m                                &amp#27;[90m# org.example.CommonStepDefs.theButtonIsClicked(java.lang.String)&amp#27;[0m
  &amp#27;[32mGiven &amp#27;[0m&amp#27;[32mthe &amp#27;[0m&amp#27;[32m&amp#27;[1m'Sauce Labs Bolt T-Shirt'&amp#27;[0m&amp#27;[32m is added to the cart&amp#27;[0m         &amp#27;[90m# org.example.ShoppingStepDefs.somethingIsAddedToTheCart(java.lang.String)&amp#27;[0m
  &amp#27;[32mAnd &amp#27;[0m&amp#27;[32mthe &amp#27;[0m&amp#27;[32m&amp#27;[1m'Cart'&amp#27;[0m&amp#27;[32m button is clicked&amp#27;[0m                                 &amp#27;[90m# org.example.CommonStepDefs.theButtonIsClicked(java.lang.String)&amp#27;[0m
  &amp#27;[32mAnd &amp#27;[0m&amp#27;[32mthe &amp#27;[0m&amp#27;[32m&amp#27;[1m'Checkout'&amp#27;[0m&amp#27;[32m button is clicked&amp#27;[0m                             &amp#27;[90m# org.example.CommonStepDefs.theButtonIsClicked(java.lang.String)&amp#27;[0m
  &amp#27;[32mAnd &amp#27;[0m&amp#27;[32mthe &amp#27;[0m&amp#27;[32m&amp#27;[1m'First Name'&amp#27;[0m&amp#27;[32m field is filled with &amp#27;[0m&amp#27;[32m&amp#27;[1m''&amp#27;[0m                     &amp#27;[90m# org.example.CommonStepDefs.theFieldIsFilledWithText(java.lang.String,java.lang.String)&amp#27;[0m
  &amp#27;[32mAnd &amp#27;[0m&amp#27;[32mthe &amp#27;[0m&amp#27;[32m&amp#27;[1m'Last Name'&amp#27;[0m&amp#27;[32m field is filled with &amp#27;[0m&amp#27;[32m&amp#27;[1m''&amp#27;[0m                      &amp#27;[90m# org.example.CommonStepDefs.theFieldIsFilledWithText(java.lang.String,java.lang.String)&amp#27;[0m
  &amp#27;[32mAnd &amp#27;[0m&amp#27;[32mthe &amp#27;[0m&amp#27;[32m&amp#27;[1m'Zip Code'&amp#27;[0m&amp#27;[32m field is filled with &amp#27;[0m&amp#27;[32m&amp#27;[1m'3210'&amp#27;[0m                   &amp#27;[90m# org.example.CommonStepDefs.theFieldIsFilledWithText(java.lang.String,java.lang.String)&amp#27;[0m
  &amp#27;[32mWhen &amp#27;[0m&amp#27;[32mthe &amp#27;[0m&amp#27;[32m&amp#27;[1m'Continue'&amp#27;[0m&amp#27;[32m button is clicked&amp#27;[0m                            &amp#27;[90m# org.example.CommonStepDefs.theButtonIsClicked(java.lang.String)&amp#27;[0m
  &amp#27;[32mThen &amp#27;[0m&amp#27;[32mthe checkout error &amp#27;[0m&amp#27;[32m&amp#27;[1m'Error: First Name is required'&amp#27;[0m&amp#27;[32m is shown&amp#27;[0m &amp#27;[90m# org.example.ShoppingStepDefs.theCheckoutErrorCheckoutErrorMessageIsShown(java.lang.String)&amp#27;[0m
  &amp#27;[32mAnd &amp#27;[0m&amp#27;[32mthe shopping cart must be emptied&amp#27;[0m                            &amp#27;[90m# org.example.ShoppingStepDefs.theShoppingCartMustBeEmpty()&amp#27;[0m
]]></system-out>
  </testcase>
  <testcase name="Example #1.6" classname="Examples" time="2.163">
    <system-out><![CDATA[
Scenario Outline: Verifying price of item during checkout            &amp#27;[90m# org/example/shopping.feature:27&amp#27;[0m
  &amp#27;[32mGiven &amp#27;[0m&amp#27;[32mthe home page is opened&amp#27;[0m                                      &amp#27;[90m# org.example.CommonStepDefs.theHomePageIsOpened()&amp#27;[0m
  &amp#27;[32mAnd &amp#27;[0m&amp#27;[32mthe &amp#27;[0m&amp#27;[32m&amp#27;[1m'Username'&amp#27;[0m&amp#27;[32m field is filled with &amp#27;[0m&amp#27;[32m&amp#27;[1m'standard_user'&amp#27;[0m            &amp#27;[90m# org.example.CommonStepDefs.theFieldIsFilledWithText(java.lang.String,java.lang.String)&amp#27;[0m
  &amp#27;[32mAnd &amp#27;[0m&amp#27;[32mthe &amp#27;[0m&amp#27;[32m&amp#27;[1m'Password'&amp#27;[0m&amp#27;[32m field is filled with &amp#27;[0m&amp#27;[32m&amp#27;[1m'secret_sauce'&amp#27;[0m             &amp#27;[90m# org.example.CommonStepDefs.theFieldIsFilledWithText(java.lang.String,java.lang.String)&amp#27;[0m
  &amp#27;[32mAnd &amp#27;[0m&amp#27;[32mthe &amp#27;[0m&amp#27;[32m&amp#27;[1m'Login'&amp#27;[0m&amp#27;[32m button is clicked&amp#27;[0m                                  &amp#27;[90m# org.example.CommonStepDefs.theButtonIsClicked(java.lang.String)&amp#27;[0m
  &amp#27;[32mGiven &amp#27;[0m&amp#27;[32mthe &amp#27;[0m&amp#27;[32m&amp#27;[1m'Test.allTheThings() T-Shirt (Red)'&amp#27;[0m&amp#27;[32m is added to the cart&amp#27;[0m &amp#27;[90m# org.example.ShoppingStepDefs.somethingIsAddedToTheCart(java.lang.String)&amp#27;[0m
  &amp#27;[32mAnd &amp#27;[0m&amp#27;[32mthe &amp#27;[0m&amp#27;[32m&amp#27;[1m'Cart'&amp#27;[0m&amp#27;[32m button is clicked&amp#27;[0m                                   &amp#27;[90m# org.example.CommonStepDefs.theButtonIsClicked(java.lang.String)&amp#27;[0m
  &amp#27;[32mAnd &amp#27;[0m&amp#27;[32mthe &amp#27;[0m&amp#27;[32m&amp#27;[1m'Checkout'&amp#27;[0m&amp#27;[32m button is clicked&amp#27;[0m                               &amp#27;[90m# org.example.CommonStepDefs.theButtonIsClicked(java.lang.String)&amp#27;[0m
  &amp#27;[32mAnd &amp#27;[0m&amp#27;[32mthe &amp#27;[0m&amp#27;[32m&amp#27;[1m'First Name'&amp#27;[0m&amp#27;[32m field is filled with &amp#27;[0m&amp#27;[32m&amp#27;[1m'John'&amp#27;[0m                   &amp#27;[90m# org.example.CommonStepDefs.theFieldIsFilledWithText(java.lang.String,java.lang.String)&amp#27;[0m
  &amp#27;[32mAnd &amp#27;[0m&amp#27;[32mthe &amp#27;[0m&amp#27;[32m&amp#27;[1m'Last Name'&amp#27;[0m&amp#27;[32m field is filled with &amp#27;[0m&amp#27;[32m&amp#27;[1m'Doe'&amp#27;[0m                     &amp#27;[90m# org.example.CommonStepDefs.theFieldIsFilledWithText(java.lang.String,java.lang.String)&amp#27;[0m
  &amp#27;[32mAnd &amp#27;[0m&amp#27;[32mthe &amp#27;[0m&amp#27;[32m&amp#27;[1m'Zip Code'&amp#27;[0m&amp#27;[32m field is filled with &amp#27;[0m&amp#27;[32m&amp#27;[1m'3210'&amp#27;[0m                     &amp#27;[90m# org.example.CommonStepDefs.theFieldIsFilledWithText(java.lang.String,java.lang.String)&amp#27;[0m
  &amp#27;[32mWhen &amp#27;[0m&amp#27;[32mthe &amp#27;[0m&amp#27;[32m&amp#27;[1m'Continue'&amp#27;[0m&amp#27;[32m button is clicked&amp#27;[0m                              &amp#27;[90m# org.example.CommonStepDefs.theButtonIsClicked(java.lang.String)&amp#27;[0m
  &amp#27;[32mThen &amp#27;[0m&amp#27;[32mthe price should read &amp#27;[0m&amp#27;[32m&amp#27;[1m'Total: $17.27'&amp#27;[0m                         &amp#27;[90m# org.example.ShoppingStepDefs.thePriceShouldRead(java.lang.String)&amp#27;[0m
  &amp#27;[32mAnd &amp#27;[0m&amp#27;[32mthe &amp#27;[0m&amp#27;[32m&amp#27;[1m'Finish'&amp#27;[0m&amp#27;[32m button is clicked&amp#27;[0m                                 &amp#27;[90m# org.example.CommonStepDefs.theButtonIsClicked(java.lang.String)&amp#27;[0m
]]></system-out>
  </testcase>
  <testcase name="Example #1.6" classname="Examples" time="2.483">
    <system-out><![CDATA[
Scenario Outline: Incorrect checking out                           &amp#27;[90m# org/example/shopping.feature:48&amp#27;[0m
  &amp#27;[32mGiven &amp#27;[0m&amp#27;[32mthe home page is opened&amp#27;[0m                                    &amp#27;[90m# org.example.CommonStepDefs.theHomePageIsOpened()&amp#27;[0m
  &amp#27;[32mAnd &amp#27;[0m&amp#27;[32mthe &amp#27;[0m&amp#27;[32m&amp#27;[1m'Username'&amp#27;[0m&amp#27;[32m field is filled with &amp#27;[0m&amp#27;[32m&amp#27;[1m'standard_user'&amp#27;[0m          &amp#27;[90m# org.example.CommonStepDefs.theFieldIsFilledWithText(java.lang.String,java.lang.String)&amp#27;[0m
  &amp#27;[32mAnd &amp#27;[0m&amp#27;[32mthe &amp#27;[0m&amp#27;[32m&amp#27;[1m'Password'&amp#27;[0m&amp#27;[32m field is filled with &amp#27;[0m&amp#27;[32m&amp#27;[1m'secret_sauce'&amp#27;[0m           &amp#27;[90m# org.example.CommonStepDefs.theFieldIsFilledWithText(java.lang.String,java.lang.String)&amp#27;[0m
  &amp#27;[32mAnd &amp#27;[0m&amp#27;[32mthe &amp#27;[0m&amp#27;[32m&amp#27;[1m'Login'&amp#27;[0m&amp#27;[32m button is clicked&amp#27;[0m                                &amp#27;[90m# org.example.CommonStepDefs.theButtonIsClicked(java.lang.String)&amp#27;[0m
  &amp#27;[32mGiven &amp#27;[0m&amp#27;[32mthe &amp#27;[0m&amp#27;[32m&amp#27;[1m'Sauce Labs Bolt T-Shirt'&amp#27;[0m&amp#27;[32m is added to the cart&amp#27;[0m         &amp#27;[90m# org.example.ShoppingStepDefs.somethingIsAddedToTheCart(java.lang.String)&amp#27;[0m
  &amp#27;[32mAnd &amp#27;[0m&amp#27;[32mthe &amp#27;[0m&amp#27;[32m&amp#27;[1m'Cart'&amp#27;[0m&amp#27;[32m button is clicked&amp#27;[0m                                 &amp#27;[90m# org.example.CommonStepDefs.theButtonIsClicked(java.lang.String)&amp#27;[0m
  &amp#27;[32mAnd &amp#27;[0m&amp#27;[32mthe &amp#27;[0m&amp#27;[32m&amp#27;[1m'Checkout'&amp#27;[0m&amp#27;[32m button is clicked&amp#27;[0m                             &amp#27;[90m# org.example.CommonStepDefs.theButtonIsClicked(java.lang.String)&amp#27;[0m
  &amp#27;[32mAnd &amp#27;[0m&amp#27;[32mthe &amp#27;[0m&amp#27;[32m&amp#27;[1m'First Name'&amp#27;[0m&amp#27;[32m field is filled with &amp#27;[0m&amp#27;[32m&amp#27;[1m''&amp#27;[0m                     &amp#27;[90m# org.example.CommonStepDefs.theFieldIsFilledWithText(java.lang.String,java.lang.String)&amp#27;[0m
  &amp#27;[32mAnd &amp#27;[0m&amp#27;[32mthe &amp#27;[0m&amp#27;[32m&amp#27;[1m'Last Name'&amp#27;[0m&amp#27;[32m field is filled with &amp#27;[0m&amp#27;[32m&amp#27;[1m'Doe'&amp#27;[0m                   &amp#27;[90m# org.example.CommonStepDefs.theFieldIsFilledWithText(java.lang.String,java.lang.String)&amp#27;[0m
  &amp#27;[32mAnd &amp#27;[0m&amp#27;[32mthe &amp#27;[0m&amp#27;[32m&amp#27;[1m'Zip Code'&amp#27;[0m&amp#27;[32m field is filled with &amp#27;[0m&amp#27;[32m&amp#27;[1m''&amp#27;[0m                       &amp#27;[90m# org.example.CommonStepDefs.theFieldIsFilledWithText(java.lang.String,java.lang.String)&amp#27;[0m
  &amp#27;[32mWhen &amp#27;[0m&amp#27;[32mthe &amp#27;[0m&amp#27;[32m&amp#27;[1m'Continue'&amp#27;[0m&amp#27;[32m button is clicked&amp#27;[0m                            &amp#27;[90m# org.example.CommonStepDefs.theButtonIsClicked(java.lang.String)&amp#27;[0m
  &amp#27;[32mThen &amp#27;[0m&amp#27;[32mthe checkout error &amp#27;[0m&amp#27;[32m&amp#27;[1m'Error: First Name is required'&amp#27;[0m&amp#27;[32m is shown&amp#27;[0m &amp#27;[90m# org.example.ShoppingStepDefs.theCheckoutErrorCheckoutErrorMessageIsShown(java.lang.String)&amp#27;[0m
  &amp#27;[32mAnd &amp#27;[0m&amp#27;[32mthe shopping cart must be emptied&amp#27;[0m                            &amp#27;[90m# org.example.ShoppingStepDefs.theShoppingCartMustBeEmpty()&amp#27;[0m
]]></system-out>
  </testcase>
  <testcase name="Reset App State" classname="Saucedemo Shopping" time="11.393">
    <system-out><![CDATA[
Scenario: Reset App State                                 &amp#27;[90m# org/example/shopping.feature:52&amp#27;[0m
  &amp#27;[32mGiven &amp#27;[0m&amp#27;[32mthe home page is opened&amp#27;[0m                           &amp#27;[90m# org.example.CommonStepDefs.theHomePageIsOpened()&amp#27;[0m
  &amp#27;[32mAnd &amp#27;[0m&amp#27;[32mthe &amp#27;[0m&amp#27;[32m&amp#27;[1m'Username'&amp#27;[0m&amp#27;[32m field is filled with &amp#27;[0m&amp#27;[32m&amp#27;[1m'standard_user'&amp#27;[0m &amp#27;[90m# org.example.CommonStepDefs.theFieldIsFilledWithText(java.lang.String,java.lang.String)&amp#27;[0m
  &amp#27;[32mAnd &amp#27;[0m&amp#27;[32mthe &amp#27;[0m&amp#27;[32m&amp#27;[1m'Password'&amp#27;[0m&amp#27;[32m field is filled with &amp#27;[0m&amp#27;[32m&amp#27;[1m'secret_sauce'&amp#27;[0m  &amp#27;[90m# org.example.CommonStepDefs.theFieldIsFilledWithText(java.lang.String,java.lang.String)&amp#27;[0m
  &amp#27;[32mAnd &amp#27;[0m&amp#27;[32mthe &amp#27;[0m&amp#27;[32m&amp#27;[1m'Login'&amp#27;[0m&amp#27;[32m button is clicked&amp#27;[0m                       &amp#27;[90m# org.example.CommonStepDefs.theButtonIsClicked(java.lang.String)&amp#27;[0m
  &amp#27;[32mGiven &amp#27;[0m&amp#27;[32mthe &amp#27;[0m&amp#27;[32m&amp#27;[1m'Menu'&amp#27;[0m&amp#27;[32m button is clicked&amp#27;[0m                      &amp#27;[90m# org.example.CommonStepDefs.theButtonIsClicked(java.lang.String)&amp#27;[0m
  &amp#27;[32mAnd &amp#27;[0m&amp#27;[32mthe &amp#27;[0m&amp#27;[32m&amp#27;[1m'Reset'&amp#27;[0m&amp#27;[32m button is clicked&amp#27;[0m                       &amp#27;[90m# org.example.CommonStepDefs.theButtonIsClicked(java.lang.String)&amp#27;[0m
  &amp#27;[32mThen &amp#27;[0m&amp#27;[32mthe shopping cart must be emptied&amp#27;[0m                  &amp#27;[90m# org.example.ShoppingStepDefs.theShoppingCartMustBeEmpty()&amp#27;[0m
]]></system-out>
  </testcase>
  <testcase name="Ensuring all product thumbnails are displayed on the inventory page" classname="Verify product thumbnails are displayed correctly" time="1.057">
    <system-out><![CDATA[
Scenario: Ensuring all product thumbnails are displayed on the inventory page &amp#27;[90m# org/example/thumbnail.feature:3&amp#27;[0m
  &amp#27;[32mGiven &amp#27;[0m&amp#27;[32mthe home page is opened&amp#27;[0m                                               &amp#27;[90m# org.example.CommonStepDefs.theHomePageIsOpened()&amp#27;[0m
  &amp#27;[32mAnd &amp#27;[0m&amp#27;[32mthe &amp#27;[0m&amp#27;[32m&amp#27;[1m'Username'&amp#27;[0m&amp#27;[32m field is filled with &amp#27;[0m&amp#27;[32m&amp#27;[1m'standard_user'&amp#27;[0m                     &amp#27;[90m# org.example.CommonStepDefs.theFieldIsFilledWithText(java.lang.String,java.lang.String)&amp#27;[0m
  &amp#27;[32mAnd &amp#27;[0m&amp#27;[32mthe &amp#27;[0m&amp#27;[32m&amp#27;[1m'Password'&amp#27;[0m&amp#27;[32m field is filled with &amp#27;[0m&amp#27;[32m&amp#27;[1m'secret_sauce'&amp#27;[0m                      &amp#27;[90m# org.example.CommonStepDefs.theFieldIsFilledWithText(java.lang.String,java.lang.String)&amp#27;[0m
  &amp#27;[32mAnd &amp#27;[0m&amp#27;[32mthe &amp#27;[0m&amp#27;[32m&amp#27;[1m'Login'&amp#27;[0m&amp#27;[32m button is clicked&amp#27;[0m                                           &amp#27;[90m# org.example.CommonStepDefs.theButtonIsClicked(java.lang.String)&amp#27;[0m
  &amp#27;[32mThen &amp#27;[0m&amp#27;[32mall product thumbnails should be visible&amp#27;[0m                               &amp#27;[90m# org.example.OthersStepDefs.allProductThumbnailsShouldBeVisible()&amp#27;[0m
]]></system-out>
  </testcase>
</testsuite>